{
  beta : 0.9
  model_name : "9x9-15res-LR24"
  checkpoint_start_from : "models/9x9-15res-LR24/230000.t7"
  iter_end : 10000000
  lr : 0.001
}
ImageNet loaded, # of imgs:50000	
iter:230001	
0.005701988004148	
iter:230002	
0.004288287833333	
iter:230003	
0.0039296629838645	
iter:230004	
0.0039347792044282	
iter:230005	
0.0058229411952198	
iter:230006	
0.0034707172308117	
iter:230007	
0.0041707968339324	
iter:230008	
0.0052313297055662	
iter:230009	
0.0037426222115755	
iter:230010	
0.0039736116304994	
iter:230011	
0.0051849070005119	
iter:230012	
0.0065500289201736	
iter:230013	
0.0038199874106795	
iter:230014	
0.0039757592603564	
iter:230015	
0.0045639625750482	
iter:230016	
0.0016809892840683	
iter:230017	
0.0033124850597233	
iter:230018	
0.0023055491037667	
iter:230019	
0.0031592084560543	
iter:230020	
0.0048805270344019	
iter:230021	
0.0030447754543275	
iter:230022	
0.0029062838293612	
iter:230023	
0.0036657685413957	
iter:230024	
0.002891426673159	
iter:230025	
0.002804474439472	
iter:230026	
0.0038700019940734	
iter:230027	
0.0068198898807168	
iter:230028	
0.0047227530740201	
iter:230029	
0.002734400331974	
iter:230030	
0.007492181379348	
iter:230031	
0.0037796997930855	
iter:230032	
0.0036518697161227	
iter:230033	
0.0028479099273682	
iter:230034	
0.006754953879863	
iter:230035	
0.0020828796550632	
iter:230036	
0.0015476226108149	
iter:230037	
0.003716487204656	
iter:230038	
0.0071501224301755	
iter:230039	
0.0041548395529389	
iter:230040	
0.0037693784106523	
iter:230041	
0.0034737719688565	
iter:230042	
0.0033730182331055	
iter:230043	
0.0067052063532174	
iter:230044	
0.0033964377362281	
iter:230045	
0.005905800499022	
iter:230046	
0.0038529546000063	
iter:230047	
0.0027549401856959	
iter:230048	
0.0039723343215883	
iter:230049	
0.0042070192284882	
iter:230050	
0.004324255976826	
iter:230051	
0.0037114864680916	
iter:230052	
0.0041196681559086	
iter:230053	
0.0035122262779623	
iter:230054	
0.0026237696874887	
iter:230055	
0.0038453864399344	
iter:230056	
0.0018893093802035	
iter:230057	
0.00358841358684	
iter:230058	
0.0031120856292546	
iter:230059	
0.0040880758315325	
iter:230060	
0.0051561407744884	
iter:230061	
0.004167924169451	
iter:230062	
0.002576905535534	
iter:230063	
0.0057898168452084	
iter:230064	
0.004367281217128	
iter:230065	
0.0042590983211994	
iter:230066	
0.004034913610667	
iter:230067	
0.0028857076540589	
iter:230068	
0.0023495925124735	
iter:230069	
0.0046571786515415	
iter:230070	
0.0033379921223968	
iter:230071	
0.0041551385074854	
iter:230072	
0.0034880433231592	
iter:230073	
0.0043354611843824	
iter:230074	
0.0049933921545744	
iter:230075	
0.0066145430319011	
iter:230076	
0.0052199680358171	
iter:230077	
0.0030900393612683	
iter:230078	
0.0049822833389044	
iter:230079	
0.0041079926304519	
iter:230080	
0.0047906376421452	
iter:230081	
0.0051399911753833	
iter:230082	
0.0047111511230469	
iter:230083	
0.0032279817387462	
iter:230084	
0.0052099237218499	
iter:230085	
0.0033778715878725	
iter:230086	
0.0027429717592895	
iter:230087	
0.0032881936058402	
iter:230088	
0.0023269534576684	
iter:230089	
0.0039270608685911	
iter:230090	
0.0032939610537142	
iter:230091	
0.0033489894121885	
iter:230092	
0.0035061212256551	
iter:230093	
0.0028753320220858	
iter:230094	
0.0029939443338662	
iter:230095	
0.0036022400017828	
iter:230096	
0.0046756360679865	
iter:230097	
0.0039006229490042	
iter:230098	
0.0017265070928261	
iter:230099	
0.0060645630583167	
iter:230100	
0.0071703633293509	
iter:230101	
0.0029588139150292	
iter:230102	
0.0025834187399596	
iter:230103	
0.0040883710607886	
iter:230104	
0.0038426171522588	
iter:230105	
0.0062341201119125	
iter:230106	
0.0061268601566553	
iter:230107	
0.0027590293902904	
iter:230108	
0.0017426634440199	
iter:230109	
0.0052175372838974	
iter:230110	
0.0025149835273623	
iter:230111	
0.0053201015107334	
iter:230112	
0.0042711943387985	
iter:230113	
0.0020329323597252	
iter:230114	
0.0043242871761322	
iter:230115	
0.0054914522916079	
iter:230116	
0.0043955286964774	
iter:230117	
0.0046297931112349	
iter:230118	
0.0044239931739867	
iter:230119	
0.0016043917275965	
iter:230120	
0.0043599498458207	
iter:230121	
0.0035409089177847	
iter:230122	
0.0066396510228515	
iter:230123	
0.0032495299819857	
iter:230124	
0.0035473834723234	
iter:230125	
0.0020570661872625	
iter:230126	
0.0031236831564456	
iter:230127	
0.0040522222407162	
iter:230128	
0.0051366756670177	
iter:230129	
0.00554817635566	
iter:230130	
0.0030971213709563	
iter:230131	
0.0036089012864977	
iter:230132	
0.0050936541520059	
iter:230133	
0.0034869029186666	
iter:230134	
0.0046702809631824	
iter:230135	
0.0031265434809029	
iter:230136	
0.003499039914459	
iter:230137	
0.0060489852912724	
iter:230138	
0.0048276907764375	
iter:230139	
0.0020879763178527	
iter:230140	
0.0036943748127669	
iter:230141	
0.0067560505121946	
iter:230142	
0.0062813740223646	
iter:230143	
0.0051542380824685	
iter:230144	
0.0054402914829552	
iter:230145	
0.0025031701661646	
iter:230146	
0.0042709489353001	
iter:230147	
0.0037535012234002	
iter:230148	
0.0033055618405342	
iter:230149	
0.0027242281939834	
iter:230150	
0.0033625985961407	
iter:230151	
0.0051639787852764	
iter:230152	
0.0034631164744496	
iter:230153	
0.0035741040483117	
iter:230154	
0.0042466255836189	
iter:230155	
0.004275725223124	
iter:230156	
0.0048990291543305	
iter:230157	
0.0036926080938429	
iter:230158	
0.0039655426517129	
iter:230159	
0.0034247506409883	
iter:230160	
0.0032444100361317	
iter:230161	
0.0053373794071376	
iter:230162	
0.0027265879325569	
iter:230163	
0.0037918095476925	
iter:230164	
0.0047932029701769	
iter:230165	
0.0051254611462355	
iter:230166	
0.0047920770011842	
iter:230167	
0.0086120199412107	
iter:230168	
0.0050317784771323	
iter:230169	
0.0028583351522684	
iter:230170	
0.0043809716589749	
iter:230171	
0.0066360421478748	
iter:230172	
0.0039088558405638	
iter:230173	
0.0046235555782914	
iter:230174	
0.004054045304656	
iter:230175	
0.0060583320446312	
iter:230176	
0.0057660187594593	
iter:230177	
0.0019103677477688	
iter:230178	
0.0031176437623799	
iter:230179	
0.0028273374773562	
iter:230180	
0.0055789221078157	
iter:230181	
0.0064813829958439	
iter:230182	
0.0032932918984443	
iter:230183	
0.0040236976929009	
iter:230184	
0.0040892427787185	
iter:230185	
0.0052473149262369	
iter:230186	
0.0053528547286987	
iter:230187	
0.0052052792161703	
iter:230188	
0.0062646400183439	
iter:230189	
0.0039690444245934	
iter:230190	
0.0046069887466729	
iter:230191	
0.0037830262444913	
iter:230192	
0.0025276420637965	
iter:230193	
0.0039861323311925	
iter:230194	
0.0025665280409157	
iter:230195	
0.0048232460394502	
iter:230196	
0.0041757146827877	
iter:230197	
0.0033676656894386	
iter:230198	
0.0046450882218778	
iter:230199	
0.0050683687441051	
iter:230200	
0.0032618993427604	
iter:230201	
0.0042002219706774	
iter:230202	
0.0028667289298028	
iter:230203	
0.0077984030358493	
iter:230204	
0.0032257956918329	
iter:230205	
0.0022179926745594	
iter:230206	
0.0027852843049914	
iter:230207	
0.0036756738554686	
iter:230208	
0.0065565621480346	
iter:230209	
0.0031529946718365	
iter:230210	
0.0044889408163726	
iter:230211	
0.0035299379378557	
iter:230212	
0.0044610272161663	
iter:230213	
0.0037070924881846	
iter:230214	
0.0036203251220286	
iter:230215	
0.0043362425640225	
iter:230216	
0.0035799944307655	
iter:230217	
0.0040544518269598	
iter:230218	
0.003936443477869	
iter:230219	
0.0065544242970645	
iter:230220	
0.0040879123844206	
iter:230221	
0.004677252843976	
iter:230222	
0.0040564662776887	
iter:230223	
0.005606830585748	
iter:230224	
0.0018469913629815	
iter:230225	
0.004168308340013	
iter:230226	
0.0044369120150805	
iter:230227	
0.0043336376547813	
iter:230228	
0.0030069353524595	
iter:230229	
0.0033704924862832	
iter:230230	
0.0037327846512198	
iter:230231	
0.0076069054193795	
iter:230232	
0.0026561701670289	
iter:230233	
0.006108813919127	
iter:230234	
0.0039905579760671	
iter:230235	
0.0067719114013016	
iter:230236	
0.0032783353235573	
iter:230237	
0.0050989892333746	
iter:230238	
0.0026245373301208	
iter:230239	
0.0028287814930081	
iter:230240	
0.0031378865242004	
iter:230241	
0.0036431585904211	
iter:230242	
0.0083067687228322	
iter:230243	
0.0055973352864385	
iter:230244	
0.0055228578858078	
iter:230245	
0.0036346453707665	
iter:230246	
0.0051004500128329	
iter:230247	
0.004401434212923	
iter:230248	
0.002445682650432	
iter:230249	
0.0024210084229708	
iter:230250	
0.0052644959650934	
iter:230251	
0.0056094396859407	
iter:230252	
0.0049654552713037	
iter:230253	
0.0036130847875029	
iter:230254	
0.0029213270172477	
iter:230255	
0.0020798707846552	
iter:230256	
0.0048951120115817	
iter:230257	
0.0035180284176022	
iter:230258	
0.0036018451210111	
iter:230259	
0.0037391977384686	
iter:230260	
0.0025234201457351	
iter:230261	
0.0027905886527151	
iter:230262	
0.0032987613230944	
iter:230263	
0.002629054011777	
iter:230264	
0.0050382129848003	
iter:230265	
0.0056098247878253	
iter:230266	
0.0028939335606992	
iter:230267	
0.0057180025614798	
iter:230268	
0.00308923330158	
iter:230269	
0.0029192015063018	
iter:230270	
0.0052567264065146	
iter:230271	
0.0053056413307786	
iter:230272	
0.0040068565867841	
iter:230273	
0.0020990837365389	
iter:230274	
0.002944458508864	
iter:230275	
0.0050698020495474	
iter:230276	
0.0048288409598172	
iter:230277	
0.0036970626097172	
iter:230278	
0.0037129786796868	
iter:230279	
0.0078335693106055	
iter:230280	
0.0031885181088001	
iter:230281	
0.0038791263941675	
iter:230282	
0.0041428483091295	
iter:230283	
0.0025451818946749	
iter:230284	
0.0023039549123496	
iter:230285	
0.003123065456748	
iter:230286	
0.0043319053947926	
iter:230287	
0.004697835072875	
iter:230288	
0.0035082553513348	
iter:230289	
0.003124532289803	
iter:230290	
0.0035702984314412	
iter:230291	
0.0036704957019538	
iter:230292	
0.0037649979349226	
iter:230293	
0.0039437944069505	
iter:230294	
0.0024514005053788	
iter:230295	
0.0062426347285509	
iter:230296	
0.0030621078331023	
iter:230297	
0.0024992113467306	
iter:230298	
0.004190749488771	
iter:230299	
0.0033515545073897	
iter:230300	
0.0052812895737588	
iter:230301	
0.0033468322362751	
iter:230302	
0.003906300291419	
iter:230303	
0.0038074583280832	
iter:230304	
0.0021926763001829	
iter:230305	
0.0036570820957422	
iter:230306	
0.0061869625933468	
iter:230307	
0.003739595413208	
iter:230308	
0.0055991150438786	
iter:230309	
0.0030231955461204	
iter:230310	
0.0024542543105781	
iter:230311	
0.0039801788516343	
iter:230312	
0.0040362766012549	
iter:230313	
0.0051000993698835	
iter:230314	
0.0024065328761935	
iter:230315	
0.0036921086721122	
iter:230316	
0.0024335992056876	
iter:230317	
0.0022442059125751	
iter:230318	
0.0054932315833867	
iter:230319	
0.0051591941155493	
iter:230320	
0.0046913828700781	
iter:230321	
0.003215168369934	
iter:230322	
0.0041071372106671	
iter:230323	
0.0042664115317166	
iter:230324	
0.0037135093007237	
iter:230325	
0.0034353488590568	
iter:230326	
0.0043380493298173	
iter:230327	
0.0048737223260105	
iter:230328	
0.0044184974394739	
iter:230329	
0.0037607655394822	
iter:230330	
0.0052873338572681	
iter:230331	
0.0043016402050853	
iter:230332	
0.00557741522789	
iter:230333	
0.0038864524103701	
iter:230334	
0.0062041264027357	
iter:230335	
0.0023570498451591	
iter:230336	
0.0074846828356385	
iter:230337	
0.0047573526389897	
iter:230338	
0.0036033841315657	
iter:230339	
0.0039097485132515	
iter:230340	
0.005368075799197	
iter:230341	
0.0069631151854992	
iter:230342	
0.0020220298320055	
iter:230343	
0.0060648825019598	
iter:230344	
0.0054486361332238	
iter:230345	
0.0064446795731783	
iter:230346	
0.0039572124369442	
iter:230347	
0.0046042571775615	
iter:230348	
0.0040826918557286	
iter:230349	
0.0034095775336027	
iter:230350	
0.0080667836591601	
iter:230351	
0.0047136773355305	
iter:230352	
0.0057831546291709	
iter:230353	
0.0036730770953	
iter:230354	
0.0051497616805136	
iter:230355	
0.0065222587436438	
iter:230356	
0.0048398664221168	
iter:230357	
0.0036070293281227	
iter:230358	
0.0042106825858355	
iter:230359	
0.0045564360916615	
iter:230360	
0.0040223831310868	
iter:230361	
0.0025753108784556	
iter:230362	
0.0046351673081517	
iter:230363	
0.0036776107735932	
iter:230364	
0.0046119326725602	
iter:230365	
0.0049915546551347	
iter:230366	
0.0045468350872397	
iter:230367	
0.0040988591499627	
iter:230368	
0.0070705446414649	
iter:230369	
0.0059483493678272	
iter:230370	
0.0039957412518561	
iter:230371	
0.0032234746031463	
iter:230372	
0.0029507393483073	
iter:230373	
0.0022455637808889	
iter:230374	
0.004750344902277	
iter:230375	
0.0029099881649017	
iter:230376	
0.0031238095834851	
iter:230377	
0.0052229822613299	
iter:230378	
0.0050414917059243	
iter:230379	
0.0047142645344138	
iter:230380	
0.0052765598520637	
iter:230381	
0.0057839937508106	
iter:230382	
0.0030132371466607	
iter:230383	
0.0030323306564242	
iter:230384	
0.0031142698135227	
iter:230385	
0.0030278360936791	
iter:230386	
0.0041165403090417	
iter:230387	
0.0032890345901251	
iter:230388	
0.0026416170876473	
iter:230389	
0.0065630879253149	
iter:230390	
0.0031016718130559	
iter:230391	
0.0049531189724803	
iter:230392	
0.0038838477339596	
iter:230393	
0.0079765599220991	
iter:230394	
0.0085875187069178	
iter:230395	
0.0067692808806896	
iter:230396	
0.0034118322655559	
iter:230397	
0.0058928434737027	
iter:230398	
0.0058116046711802	
iter:230399	
0.0031199750956148	
iter:230400	
0.004647555295378	
iter:230401	
0.0062311212532222	
iter:230402	
0.0036191302351654	
iter:230403	
0.0037578060291708	
iter:230404	
0.003359075402841	
iter:230405	
0.0062507796101272	
iter:230406	
0.0031136313918978	
iter:230407	
0.0047189039178193	
iter:230408	
0.0034473999403417	
iter:230409	
0.0049002417363226	
iter:230410	
0.0043284022249281	
iter:230411	
0.0025528746191412	
iter:230412	
0.0043695038184524	
iter:230413	
0.0031865639612079	
iter:230414	
0.0043620909564197	
iter:230415	
0.0024021684657782	
iter:230416	
0.0041641355492175	
iter:230417	
0.0028068970423192	
iter:230418	
0.0054831472225487	
iter:230419	
0.004950016271323	
iter:230420	
0.006020437926054	
iter:230421	
0.0053887451067567	
iter:230422	
0.0054472684860229	
iter:230423	
0.0042195054702461	
iter:230424	
0.004579471424222	
iter:230425	
0.0033817780204117	
iter:230426	
0.0057367850095034	
iter:230427	
0.0037231764290482	
iter:230428	
0.0043539856560528	
iter:230429	
0.0045605530031025	
iter:230430	
0.003994470462203	
iter:230431	
0.0031231290195137	
iter:230432	
0.0021877279505134	
iter:230433	
0.0076381741091609	
iter:230434	
0.0023488642182201	
iter:230435	
0.0032154840882868	
iter:230436	
0.0028991287108511	
iter:230437	
0.005573287140578	
iter:230438	
0.003251610789448	
iter:230439	
0.0036652816925198	
iter:230440	
0.002412210451439	
iter:230441	
0.0030562011525035	
iter:230442	
0.0036930874921381	
iter:230443	
0.0027540104929358	
iter:230444	
0.0044167987070978	
iter:230445	
0.0052107637748122	
iter:230446	
0.0037293632049114	
iter:230447	
0.0056126895360649	
iter:230448	
0.0031812135130167	
iter:230449	
0.004911819472909	
iter:230450	
0.0041299979202449	
iter:230451	
0.0040831761434674	
iter:230452	
0.0032187849283218	
iter:230453	
0.0063603552989662	
iter:230454	
0.0064258398488164	
iter:230455	
0.0033254746813327	
iter:230456	
0.006368943490088	
iter:230457	
0.0058763138949871	
iter:230458	
0.0066578150726855	
iter:230459	
0.0032271398231387	
iter:230460	
0.0048396280035377	
iter:230461	
0.0044030579738319	
iter:230462	
0.0048194397240877	
iter:230463	
0.0028320108540356	
iter:230464	
0.004880044143647	
iter:230465	
0.004432154353708	
iter:230466	
0.0052017867565155	
iter:230467	
0.0029248353093863	
iter:230468	
0.0028723224531859	
iter:230469	
0.0032020127400756	
iter:230470	
0.0037910980172455	
iter:230471	
0.0032599752303213	
iter:230472	
0.0030720410868526	
iter:230473	
0.0034669989254326	
iter:230474	
0.0037661034148186	
iter:230475	
0.0056639928370714	
iter:230476	
0.0042184493504465	
iter:230477	
0.0039626816287637	
iter:230478	
0.0024886890314519	
iter:230479	
0.0030560796149075	
iter:230480	
0.0051194806583226	
iter:230481	
0.0026743104681373	
iter:230482	
0.0051824683323503	
iter:230483	
0.0058034360408783	
iter:230484	
0.0033979052677751	
iter:230485	
0.0039495071396232	
iter:230486	
0.0040877335704863	
iter:230487	
0.0055174203589559	
iter:230488	
0.0055541833862662	
iter:230489	
0.0057334727607667	
iter:230490	
0.0046116844750941	
iter:230491	
0.0041010109707713	
iter:230492	
0.0041087362915277	
iter:230493	
0.0031681912951171	
iter:230494	
0.0028815174009651	
iter:230495	
0.0045173619873822	
iter:230496	
0.0044956100173295	
iter:230497	
0.0024795336648822	
iter:230498	
0.004359717015177	
iter:230499	
0.0050973910838366	
iter:230500	
0.0033645750954747	
iter:230501	
0.003612021682784	
iter:230502	
0.0050390781834722	
iter:230503	
0.001685474999249	
iter:230504	
0.0028173914179206	
iter:230505	
0.0055644321255386	
iter:230506	
0.0018760106759146	
iter:230507	
0.0030997635331005	
iter:230508	
0.0050393496640027	
iter:230509	
0.00562211452052	
iter:230510	
0.0030958415009081	
iter:230511	
0.0036882867570966	
iter:230512	
0.0023713468108326	
iter:230513	
0.0051292604766786	
iter:230514	
0.0017664163606241	
iter:230515	
0.0046491147950292	
iter:230516	
0.0055717173963785	
iter:230517	
0.003001804696396	
iter:230518	
0.0027893986552954	
iter:230519	
0.0044323257170618	
iter:230520	
0.0053882231004536	
iter:230521	
0.0036254751030356	
iter:230522	
0.0031358820851892	
iter:230523	
0.0057534356601536	
iter:230524	
0.0043852278031409	
iter:230525	
0.0032614737283438	
iter:230526	
0.0052521354518831	
iter:230527	
0.002567338058725	
iter:230528	
0.0034305427689105	
iter:230529	
0.0046333554200828	
iter:230530	
0.0058459667488933	
iter:230531	
0.0050720232538879	
iter:230532	
0.0056250086054206	
iter:230533	
0.0058844895102084	
iter:230534	
0.0050901868380606	
iter:230535	
0.0059356302954257	
iter:230536	
0.002946815919131	
iter:230537	
0.0040889913216233	
iter:230538	
0.0065771047957242	
iter:230539	
0.00524329720065	
iter:230540	
0.0047415196895599	
iter:230541	
0.0021518988069147	
iter:230542	
0.0042896959930658	
iter:230543	
0.004425163846463	
iter:230544	
0.0064682574011385	
iter:230545	
0.0035172519274056	
iter:230546	
0.0043542664498091	
iter:230547	
0.0034046594519168	
iter:230548	
0.0027699468191713	
iter:230549	
0.0023415391333401	
iter:230550	
0.0029246942140162	
iter:230551	
0.0085994303226471	
iter:230552	
0.0066559826955199	
iter:230553	
0.001882629818283	
iter:230554	
0.0050186482258141	
iter:230555	
0.0039907367900014	
iter:230556	
0.0039743650704622	
iter:230557	
0.0048414501361549	
iter:230558	
0.0039316308684647	
iter:230559	
0.0039061547722667	
iter:230560	
0.0037059558089823	
iter:230561	
0.0046047577634454	
iter:230562	
0.0042367354035378	
iter:230563	
0.0049272398464382	
iter:230564	
0.0027049973141402	
iter:230565	
0.0024731860030442	
iter:230566	
0.0041583068668842	
iter:230567	
0.0024699848145247	
iter:230568	
0.0055223894305527	
iter:230569	
0.0055704796686769	
iter:230570	
0.0054718651808798	
iter:230571	
0.0032731597311795	
iter:230572	
0.0023435321636498	
iter:230573	
0.0051916469819844	
iter:230574	
0.0026178613770753	
iter:230575	
0.0027858391404152	
iter:230576	
0.0035004888195544	
iter:230577	
0.0038054999895394	
iter:230578	
0.0043061035685241	
iter:230579	
0.0077532646246254	
iter:230580	
0.0035193120129406	
iter:230581	
0.0034776728134602	
iter:230582	
0.0039918590337038	
iter:230583	
0.0031204696279019	
iter:230584	
0.0021223756484687	
iter:230585	
0.0051856250502169	
iter:230586	
0.0036996353883296	
iter:230587	
0.0036118065472692	
iter:230588	
0.0031579595524818	
iter:230589	
0.0051600146107376	
iter:230590	
0.0063326507806778	
iter:230591	
0.0031725005246699	
iter:230592	
0.0062786480411887	
iter:230593	
0.0017900672974065	
iter:230594	
0.0037924086209387	
iter:230595	
0.004844062961638	
iter:230596	
0.0077369771897793	
iter:230597	
0.0051641324535012	
iter:230598	
0.0047367862425745	
iter:230599	
0.0036938483826816	
iter:230600	
0.0036781593225896	
iter:230601	
0.0028611186426133	
iter:230602	
0.0029251000378281	
iter:230603	
0.0033705795649439	
iter:230604	
0.0054627084173262	
iter:230605	
0.0038548051379621	
iter:230606	
0.0050886115059257	
iter:230607	
0.002119867131114	
iter:230608	
0.0038563699927181	
iter:230609	
0.0052604246884584	
iter:230610	
0.0044774552807212	
iter:230611	
0.0034193859901279	
iter:230612	
0.0052388496696949	
iter:230613	
0.004866742528975	
iter:230614	
0.0039972430095077	
iter:230615	
0.0036201209295541	
iter:230616	
0.0044827875681221	
iter:230617	
0.004774740897119	
iter:230618	
0.0026339218020439	
iter:230619	
0.0027177494484931	
iter:230620	
0.0052297580987215	
iter:230621	
0.0058555868454278	
iter:230622	
0.0033860118128359	
iter:230623	
0.0028864187188447	
iter:230624	
0.0040539540350437	
iter:230625	
0.0026168432086706	
iter:230626	
0.0040073450654745	
iter:230627	
0.00522101810202	
iter:230628	
0.0038079035002738	
iter:230629	
0.0033744664397091	
iter:230630	
0.0047449436970055	
iter:230631	
0.0032072353642434	
iter:230632	
0.0029450252186507	
iter:230633	
0.0036400558892637	
iter:230634	
0.0035197588149458	
iter:230635	
0.0036299685016274	
iter:230636	
0.0050227711908519	
iter:230637	
0.0043484666384757	
iter:230638	
0.0029448186978698	
iter:230639	
0.0080936178565025	
iter:230640	
0.0057791103608906	
iter:230641	
0.0033593222033232	
iter:230642	
0.0026089956518263	
iter:230643	
0.0058736242353916	
iter:230644	
0.0038097146898508	
iter:230645	
0.0055016074329615	
iter:230646	
0.0062231398187578	
iter:230647	
0.0046825450845063	
iter:230648	
0.0054826075211167	
iter:230649	
0.0045758262276649	
iter:230650	
0.0037620540242642	
iter:230651	
0.0028564720414579	
iter:230652	
0.0049843937158585	
iter:230653	
0.0049694352783263	
iter:230654	
0.0041618305258453	
iter:230655	
0.0034584652166814	
iter:230656	
0.0036288772244006	
iter:230657	
0.0045393998734653	
iter:230658	
0.0040996009483933	
iter:230659	
0.0049461084417999	
iter:230660	
0.0034606365952641	
iter:230661	
0.0048618917353451	
iter:230662	
0.0030950393993407	
iter:230663	
0.0031409848015755	
iter:230664	
0.0063426638953388	
iter:230665	
0.0022234236821532	
iter:230666	
0.0043193083256483	
iter:230667	
0.0053433496505022	
iter:230668	
0.0040064174681902	
iter:230669	
0.0063081923872232	
iter:230670	
0.0046634185127914	
iter:230671	
0.0038563695270568	
iter:230672	
0.0066522350534797	
iter:230673	
0.0042756786569953	
iter:230674	
0.0049945716746151	
iter:230675	
0.0035102304536849	
iter:230676	
0.0035588617902249	
iter:230677	
0.006151360925287	
iter:230678	
0.0065610413439572	
iter:230679	
0.0049175848253071	
iter:230680	
0.0052062156610191	
iter:230681	
0.0021232378203422	
iter:230682	
0.0031118537299335	
iter:230683	
0.0041412124410272	
iter:230684	
0.0017329840920866	
iter:230685	
0.0055265328846872	
iter:230686	
0.0034219932276756	
iter:230687	
0.0037347422912717	
iter:230688	
0.0024250810965896	
iter:230689	
0.0026046063285321	
iter:230690	
0.0028229828458279	
iter:230691	
0.005976652726531	
iter:230692	
0.0072564263828099	
iter:230693	
0.0044936835765839	
iter:230694	
0.0049315094947815	
iter:230695	
0.0039842640981078	
iter:230696	
0.0038426066748798	
iter:230697	
0.0034908482339233	
iter:230698	
0.004038100130856	
iter:230699	
0.0067583918571472	
iter:230700	
0.0053519676439464	
iter:230701	
0.0027450411580503	
iter:230702	
0.00612813513726	
iter:230703	
0.005802720785141	
iter:230704	
0.0047149243764579	
iter:230705	
0.0042410553433001	
iter:230706	
0.0045980764552951	
iter:230707	
0.0039919903501868	
iter:230708	
0.0022172634489834	
iter:230709	
0.0042398320510983	
iter:230710	
0.0036317587364465	
iter:230711	
0.0058641545474529	
iter:230712	
0.0030665383674204	
iter:230713	
0.003115494735539	
iter:230714	
0.0035771648399532	
iter:230715	
0.0037544567603618	
iter:230716	
0.0035583728458732	
iter:230717	
0.0069887274876237	
iter:230718	
0.0043819597922266	
iter:230719	
0.0033685902599245	
iter:230720	
0.0048217559233308	
iter:230721	
0.0035858063492924	
iter:230722	
0.0041641211137176	
iter:230723	
0.0029906572308391	
iter:230724	
0.0048722927458584	
iter:230725	
0.0033502581063658	
iter:230726	
0.0037861098535359	
iter:230727	
0.0023254931438714	
iter:230728	
0.0044487020932138	
iter:230729	
0.0038086718413979	
iter:230730	
0.0022691378835589	
iter:230731	
0.0044417609460652	
iter:230732	
0.0055657806806266	
iter:230733	
0.005263858474791	
iter:230734	
0.0022764296736568	
iter:230735	
0.005695441737771	
iter:230736	
0.0052906861528754	
iter:230737	
0.0025809765793383	
iter:230738	
0.0043682581745088	
iter:230739	
0.0019099654164165	
iter:230740	
0.0033263971563429	
iter:230741	
0.0048422697000206	
iter:230742	
0.0040936125442386	
iter:230743	
0.0040316958911717	
iter:230744	
0.004426914267242	
iter:230745	
0.0034912985283881	
iter:230746	
0.0052127307280898	
iter:230747	
0.0035888671409339	
iter:230748	
0.0016041172202677	
iter:230749	
0.0034417705610394	
iter:230750	
0.0051935636438429	
iter:230751	
0.0045208823867142	
iter:230752	
0.0048973555676639	
iter:230753	
0.0056316279806197	
iter:230754	
0.0040069981478155	
iter:230755	
0.0055833118967712	
iter:230756	
0.0049689034931362	
iter:230757	
0.0055118836462498	
iter:230758	
0.0025629128795117	
iter:230759	
0.0021964113693684	
iter:230760	
0.0025991986040026	
iter:230761	
0.0052096606232226	
iter:230762	
0.0042909015901387	
iter:230763	
0.0022269869223237	
iter:230764	
0.0051789875142276	
iter:230765	
0.0037129542324692	
iter:230766	
0.0035654196981341	
iter:230767	
0.0039411480538547	
iter:230768	
0.0080073373392224	
iter:230769	
0.0047260248102248	
iter:230770	
0.003563983598724	
iter:230771	
0.0047455816529691	
iter:230772	
0.0028844145126641	
iter:230773	
0.0035566310398281	
iter:230774	
0.0035437061451375	
iter:230775	
0.0037069544196129	
iter:230776	
0.004616301972419	
iter:230777	
0.0078914929181337	
iter:230778	
0.0026732417754829	
iter:230779	
0.0047801057808101	
iter:230780	
0.00585519336164	
iter:230781	
0.0034524148795754	
iter:230782	
0.0067530600354075	
iter:230783	
0.0030748690478504	
iter:230784	
0.0034892265684903	
iter:230785	
0.0032654975075275	
iter:230786	
0.0031735626980662	
iter:230787	
0.0031556580215693	
iter:230788	
0.0037219577934593	
iter:230789	
0.0036553589161485	
iter:230790	
0.0040804469026625	
iter:230791	
0.0055825570598245	
iter:230792	
0.0042980378493667	
iter:230793	
0.0034727135207504	
iter:230794	
0.0069841020740569	
iter:230795	
0.0045127240009606	
iter:230796	
0.0047763823531568	
iter:230797	
0.0044720522128046	
iter:230798	
0.006086147390306	
iter:230799	
0.0026945921126753	
iter:230800	
0.0052467281930149	
iter:230801	
0.0056614242494106	
iter:230802	
0.0067451042123139	
iter:230803	
0.0019563178066164	
iter:230804	
0.0041156895458698	
iter:230805	
0.0042085158638656	
iter:230806	
0.0035323619376868	
iter:230807	
0.0038790525868535	
iter:230808	
0.0039924480952322	
iter:230809	
0.00362777733244	
iter:230810	
0.0020177925471216	
iter:230811	
0.0045505333691835	
iter:230812	
0.0034885304048657	
iter:230813	
0.0048075537197292	
iter:230814	
0.0031903027556837	
iter:230815	
0.0053722877055407	
iter:230816	
0.0033313776366413	
iter:230817	
0.0035905495751649	
iter:230818	
0.0020843239035457	
iter:230819	
0.0021668111439794	
iter:230820	
0.0052688303403556	
iter:230821	
0.0026691169477999	
iter:230822	
0.0035939288791269	
iter:230823	
0.0068753589875996	
iter:230824	
0.0053729861974716	
iter:230825	
0.0037989972624928	
iter:230826	
0.0029887626878917	
iter:230827	
0.0046338802203536	
iter:230828	
0.0044952840544283	
iter:230829	
0.0048682233318686	
iter:230830	
0.0048079928383231	
iter:230831	
0.0048488113097847	
iter:230832	
0.0043444894254208	
iter:230833	
0.002531448379159	
iter:230834	
0.0045867916196585	
iter:230835	
0.0029098496306688	
iter:230836	
0.0044250674545765	
iter:230837	
0.0038316575810313	
iter:230838	
0.0050644483417273	
iter:230839	
0.0033366144634783	
iter:230840	
0.0030438820831478	
iter:230841	
0.005751920863986	
iter:230842	
0.0038336438592523	
iter:230843	
0.0034532975405455	
iter:230844	
0.0051877326332033	
iter:230845	
0.003098925575614	
iter:230846	
0.0056147035211325	
iter:230847	
0.0042627225629985	
iter:230848	
0.003807432949543	
iter:230849	
0.0050288350321352	
iter:230850	
0.0042198491282761	
iter:230851	
0.0071623106487095	
iter:230852	
0.0020799022167921	
iter:230853	
0.0030863960273564	
iter:230854	
0.0022085087839514	
iter:230855	
0.0051181884482503	
iter:230856	
0.0030391511972994	
iter:230857	
0.0073365652933717	
iter:230858	
0.0042066476307809	
iter:230859	
0.0046592713333666	
iter:230860	
0.0027862859424204	
iter:230861	
0.0043793194927275	
iter:230862	
0.003916815854609	
iter:230863	
0.0062777018174529	
iter:230864	
0.0044135320931673	
iter:230865	
0.007862688973546	
iter:230866	
0.0038982452824712	
iter:230867	
0.0055491933599114	
iter:230868	
0.0032107455190271	
iter:230869	
0.0034688075538725	
iter:230870	
0.0036661594640464	
iter:230871	
0.0041826418600976	
iter:230872	
0.0039890347979963	
iter:230873	
0.0019239188404754	
iter:230874	
0.0035162086132914	
iter:230875	
0.0040398053824902	
iter:230876	
0.0043020639568567	
iter:230877	
0.0061560128815472	
iter:230878	
0.0054279379546642	
iter:230879	
0.0046977708116174	
iter:230880	
0.0047661582939327	
iter:230881	
0.00484933052212	
iter:230882	
0.0034001099411398	
iter:230883	
0.0046838107518852	
iter:230884	
0.0030255853198469	
iter:230885	
0.0026116000954062	
iter:230886	
0.002646435983479	
iter:230887	
0.0023962734267116	
iter:230888	
0.0052301646210253	
iter:230889	
0.0042383526451886	
iter:230890	
0.0042945649474859	
iter:230891	
0.0058162538334727	
iter:230892	
0.003296242794022	
iter:230893	
0.003007352584973	
iter:230894	
0.002329375827685	
iter:230895	
0.0047682914882898	
iter:230896	
0.0057448875159025	
iter:230897	
0.0037566283717752	
iter:230898	
0.0046230461448431	
iter:230899	
0.0056407446973026	
iter:230900	
0.0052101453766227	
iter:230901	
0.0047278255224228	
iter:230902	
0.0042852316983044	
iter:230903	
0.0045631686225533	
iter:230904	
0.0030771438032389	
iter:230905	
0.0023366347886622	
iter:230906	
0.0053578708320856	
iter:230907	
0.0070649720728397	
iter:230908	
0.0034080159384757	
iter:230909	
0.0035677838604897	
iter:230910	
0.0041530611924827	
iter:230911	
0.0040785726159811	
iter:230912	
0.0061022457666695	
iter:230913	
0.0046606380492449	
iter:230914	
0.0037344524171203	
iter:230915	
0.0047517898492515	
iter:230916	
0.0058886297047138	
iter:230917	
0.004424074664712	
iter:230918	
0.0048563028685749	
iter:230919	
0.0071305502206087	
iter:230920	
0.0057787531986833	
iter:230921	
0.0042004189454019	
iter:230922	
0.0045940703712404	
iter:230923	
0.0033125905320048	
iter:230924	
0.0020201306324452	
iter:230925	
0.0052521349862218	
iter:230926	
0.0062860576435924	
iter:230927	
0.0025913203135133	
iter:230928	
0.0044329753145576	
iter:230929	
0.0021680211648345	
iter:230930	
0.0049177617765963	
iter:230931	
0.0029056610073894	
iter:230932	
0.0051739071495831	
iter:230933	
0.005292278714478	
iter:230934	
0.0018455664394423	
iter:230935	
0.0045233825221658	
iter:230936	
0.0041310354135931	
iter:230937	
0.0058876811526716	
iter:230938	
0.0027664655353874	
iter:230939	
0.0016190437600017	
iter:230940	
0.0023086806759238	
iter:230941	
0.0047559328377247	
iter:230942	
0.0048591890372336	
iter:230943	
0.0026114827487618	
iter:230944	
0.0054231667891145	
iter:230945	
0.0028861223254353	
iter:230946	
0.0047889878042042	
iter:230947	
0.0041586430743337	
iter:230948	
0.0031964406371117	
iter:230949	
0.0026838318444788	
iter:230950	
0.0041806483641267	
iter:230951	
0.0040315901860595	
iter:230952	
0.002665875479579	
iter:230953	
0.0047474154271185	
iter:230954	
0.0040227775461972	
iter:230955	
0.0038803447969258	
iter:230956	
0.0023368266411126	
iter:230957	
0.0042305351234972	
iter:230958	
0.0026460632216185	
iter:230959	
0.0050230119377375	
iter:230960	
0.0054297340102494	
iter:230961	
0.0033126603811979	
iter:230962	
0.0059594702906907	
iter:230963	
0.0039356984198093	
iter:230964	
0.0054420148953795	
iter:230965	
0.0042895353399217	
iter:230966	
0.0030635234434158	
iter:230967	
0.0087916422635317	
iter:230968	
0.0046655456535518	
iter:230969	
0.0064716362394392	
iter:230970	
0.006566718686372	
iter:230971	
0.0046719186939299	
iter:230972	
0.0054689073003829	
iter:230973	
0.0061068208888173	
iter:230974	
0.0029478003270924	
iter:230975	
0.0033663478679955	
iter:230976	
0.0032775641884655	
iter:230977	
0.0076876757666469	
iter:230978	
0.0021055964753032	
iter:230979	
0.0025601664092392	
iter:230980	
0.0061112898401916	
iter:230981	
0.002335587516427	
iter:230982	
0.0040057078003883	
iter:230983	
0.0034644997213036	
iter:230984	
0.0030397435184568	
iter:230985	
0.0039186435751617	
iter:230986	
0.0036083613522351	
iter:230987	
0.0045319064520299	
iter:230988	
0.0034323453437537	
iter:230989	
0.003634967841208	
iter:230990	
0.0029530345927924	
iter:230991	
0.0029786468949169	
iter:230992	
0.0033134059049189	
iter:230993	
0.0024208878166974	
iter:230994	
0.0035647822078317	
iter:230995	
0.0043223705142736	
iter:230996	
0.0032171662896872	
iter:230997	
0.0039847171865404	
iter:230998	
0.0074357427656651	
iter:230999	
0.004426620900631	
iter:231000	
0.0057452684268355	
iter:231001	
0.0029872562736273	
iter:231002	
0.0039656753651798	
iter:231003	
0.0051857498474419	
iter:231004	
0.0025655969511718	
iter:231005	
0.0054491674527526	
iter:231006	
0.0039810459129512	
iter:231007	
0.004443597048521	
iter:231008	
0.0029237780254334	
iter:231009	
0.0071827387437224	
iter:231010	
0.0037598067428917	
iter:231011	
0.0043842112645507	
iter:231012	
0.002001270186156	
iter:231013	
0.0025510520208627	
iter:231014	
0.0031538801267743	
iter:231015	
0.0043411874212325	
iter:231016	
0.0058044013567269	
iter:231017	
0.0034716858062893	
iter:231018	
0.0033120778389275	
iter:231019	
0.0061355447396636	
iter:231020	
0.0051383217796683	
iter:231021	
0.0032499553635716	
iter:231022	
0.0025660570245236	
iter:231023	
0.0039980607107282	
iter:231024	
0.0042635072022676	
iter:231025	
0.0035330278333277	
iter:231026	
0.0037678792141378	
iter:231027	
0.0073676533065736	
iter:231028	
0.0038119750097394	
iter:231029	
0.0042063393630087	
iter:231030	
0.0028475704602897	
iter:231031	
0.0054979077540338	
iter:231032	
0.0045943087898195	
iter:231033	
0.0052223769016564	
iter:231034	
0.0065957792103291	
iter:231035	
0.0046146553941071	
iter:231036	
0.0028152379672974	
iter:231037	
0.0034072557464242	
iter:231038	
0.0059366039931774	
iter:231039	
0.0031466979999095	
iter:231040	
0.0033817121293396	
iter:231041	
0.0059023620560765	
iter:231042	
0.0075484407134354	
iter:231043	
0.0044150878675282	
iter:231044	
0.0048074591904879	
iter:231045	
0.0058402917347848	
iter:231046	
0.0070977215655148	
iter:231047	
0.0034431826788932	
iter:231048	
0.0071138087660074	
iter:231049	
0.0034520176704973	
iter:231050	
0.0043844440951943	
iter:231051	
0.0044104377739131	
iter:231052	
0.0044069210998714	
iter:231053	
0.0023173631634563	
iter:231054	
0.0047901263460517	
iter:231055	
0.0037675949279219	
iter:231056	
0.0060128946788609	
iter:231057	
0.0064412355422974	
iter:231058	
0.0037676184438169	
iter:231059	
0.0038758416194469	
iter:231060	
0.003631143597886	
iter:231061	
0.0022786806803197	
iter:231062	
0.0050144172273576	
iter:231063	
0.0038243536837399	
iter:231064	
0.0054165930487216	
iter:231065	
0.0048852320760489	
iter:231066	
0.0029490503948182	
iter:231067	
0.00282300892286	
iter:231068	
0.0020245676860213	
iter:231069	
0.0043530869297683	
iter:231070	
0.0073047112673521	
iter:231071	
0.0016325931064785	
iter:231072	
0.0032429175917059	
iter:231073	
0.0047051161527634	
iter:231074	
0.0069607831537724	
iter:231075	
0.004418546333909	
iter:231076	
0.0048772729933262	
iter:231077	
0.0031231518369168	
iter:231078	
0.0049746502190828	
iter:231079	
0.0055040875449777	
iter:231080	
0.0040861438028514	
iter:231081	
0.0036370251327753	
iter:231082	
0.0051082312129438	
iter:231083	
0.0038678359705955	
iter:231084	
0.0042658671736717	
iter:231085	
0.0027730658184737	
iter:231086	
0.0045833270996809	
iter:231087	
0.0038882819935679	
iter:231088	
0.0037486834917217	
iter:231089	
0.0033619946334511	
iter:231090	
0.0033194413408637	
iter:231091	
0.0045209666714072	
iter:231092	
0.0034238134976476	
iter:231093	
0.0055448831990361	
iter:231094	
0.0070815561339259	
iter:231095	
0.0052943280898035	
iter:231096	
0.0032390430569649	
iter:231097	
0.003114307532087	
iter:231098	
0.0037666962016374	
iter:231099	
0.003533580340445	
iter:231100	
0.0048952014185488	
iter:231101	
0.0016762366285548	
iter:231102	
0.0060440329834819	
iter:231103	
0.0053249183110893	
iter:231104	
0.0057442355901003	
iter:231105	
0.0064393752254546	
iter:231106	
0.0046002347953618	
iter:231107	
0.0060298275202513	
iter:231108	
0.00303397141397	
iter:231109	
0.0046227062121034	
iter:231110	
0.0076549868099391	
iter:231111	
0.0057895849458873	
iter:231112	
0.0045755733735859	
iter:231113	
0.0035812866408378	
iter:231114	
0.0028212766628712	
iter:231115	
0.0035734365228564	
iter:231116	
0.0084400316700339	
iter:231117	
0.0036497497931123	
iter:231118	
0.0028487781528383	
iter:231119	
0.0050271153450012	
iter:231120	
0.0032575612422079	
iter:231121	
0.0036686200182885	
iter:231122	
0.0020726358052343	
iter:231123	
0.0019899937324226	
iter:231124	
0.0036122859455645	
iter:231125	
0.0032140472903848	
iter:231126	
0.003152790479362	
iter:231127	
0.0025390237569809	
iter:231128	
0.0048899054527283	
iter:231129	
0.0047253514640033	
iter:231130	
0.0020801671780646	
iter:231131	
0.0048346137627959	
iter:231132	
0.0029619152192026	
iter:231133	
0.0045269657857716	
iter:231134	
0.0026368016842753	
iter:231135	
0.001780861755833	
iter:231136	
0.0074099916964769	
iter:231137	
0.0042784349061549	
iter:231138	
0.0025041655171663	
iter:231139	
0.0028277328237891	
iter:231140	
0.0034107828978449	
iter:231141	
0.0028535006567836	
iter:231142	
0.002781524322927	
iter:231143	
0.0033483500592411	
iter:231144	
0.0039350218139589	
iter:231145	
0.0074427714571357	
iter:231146	
0.0039200186729431	
iter:231147	
0.0084005938842893	
iter:231148	
0.0051513421349227	
iter:231149	
0.0028699005488306	
iter:231150	
0.0044692615047097	
iter:231151	
0.0050674881786108	
iter:231152	
0.0042217220179737	
iter:231153	
0.003850546432659	
iter:231154	
0.002401752397418	
iter:231155	
0.0052197990007699	
iter:231156	
0.0029434103053063	
iter:231157	
0.0036355762276798	
iter:231158	
0.0033770594745874	
iter:231159	
0.0031198966316879	
iter:231160	
0.0025729283224791	
iter:231161	
0.0040012272074819	
iter:231162	
0.0048818145878613	
iter:231163	
0.0037683006376028	
iter:231164	
0.0018912465311587	
iter:231165	
0.0046218354254961	
iter:231166	
0.0023902500979602	
iter:231167	
0.0040032081305981	
iter:231168	
0.007029531057924	
iter:231169	
0.0054532983340323	
iter:231170	
0.0045711398124695	
iter:231171	
0.0049295523203909	
iter:231172	
0.0041216160170734	
iter:231173	
0.0040335576049984	
iter:231174	
0.0054150903597474	
iter:231175	
0.005423974711448	
iter:231176	
0.0026532961055636	
iter:231177	
0.0028237076476216	
iter:231178	
0.00497668934986	
iter:231179	
0.0021031938958913	
iter:231180	
0.0047008567489684	
iter:231181	
0.002143346471712	
iter:231182	
0.006494983099401	
iter:231183	
0.0050118076615036	
iter:231184	
0.0041553489863873	
iter:231185	
0.0059030898846686	
iter:231186	
0.0053596314974129	
iter:231187	
0.0065338728018105	
iter:231188	
0.0027338918298483	
iter:231189	
0.0040707681328058	
iter:231190	
0.0065443641506135	
iter:231191	
0.0044702147133648	
iter:231192	
0.0034882244654	
iter:231193	
0.0048750755377114	
iter:231194	
0.0044325841590762	
iter:231195	
0.0026338675525039	
iter:231196	
0.0065928627736866	
iter:231197	
0.0036330709699541	
iter:231198	
0.0020570743363351	
iter:231199	
0.0026761039625853	
iter:231200	
0.003757017897442	
iter:231201	
0.0069934036582708	
iter:231202	
0.0023447941057384	
iter:231203	
0.0026261096354574	
iter:231204	
0.0056761782616377	
iter:231205	
0.0024406115990132	
iter:231206	
0.003569430205971	
iter:231207	
0.003924485296011	
iter:231208	
0.0015564177883789	
iter:231209	
0.0024354518391192	
iter:231210	
0.005829346831888	
iter:231211	
0.0039301291108131	
iter:231212	
0.0033073509112	
iter:231213	
0.0048973094671965	
iter:231214	
0.0048076356761158	
iter:231215	
0.005408042576164	
iter:231216	
0.0023374089505523	
iter:231217	
0.0029023874085397	
iter:231218	
0.0030088403727859	
iter:231219	
0.0028368821367621	
iter:231220	
0.006391323171556	
iter:231221	
0.0044227954931557	
iter:231222	
0.0039798016659915	
iter:231223	
0.0057054185308516	
iter:231224	
0.0036315619945526	
iter:231225	
0.0051142950542271	
iter:231226	
0.0027227434329689	
iter:231227	
0.0038396907038987	
iter:231228	
0.00256238412112	
iter:231229	
0.0055122403427958	
iter:231230	
0.0033867622260004	
iter:231231	
0.0039519388228655	
iter:231232	
0.0056971553713083	
iter:231233	
0.0025120512582362	
iter:231234	
0.0029036791529506	
iter:231235	
0.0039953971281648	
iter:231236	
0.0031880682799965	
iter:231237	
0.0038553962949663	
iter:231238	
0.0030602796468884	
iter:231239	
0.0046171466819942	
iter:231240	
0.0041060009971261	
iter:231241	
0.0064184134826064	
iter:231242	
0.0037332114297897	
iter:231243	
0.003629365703091	
iter:231244	
0.0030335092451423	
iter:231245	
0.0043799323029816	
iter:231246	
0.0063256057910621	
iter:231247	
0.0029483693651855	
iter:231248	
0.0029454817995429	
iter:231249	
0.0039465283043683	
iter:231250	
0.0040333732031286	
iter:231251	
0.0022065208759159	
iter:231252	
0.0054373345337808	
iter:231253	
0.0063135446980596	
iter:231254	
0.0061904997564852	
iter:231255	
0.004214056301862	
iter:231256	
0.0041448255069554	
iter:231257	
0.0023327039089054	
iter:231258	
0.0043231686577201	
iter:231259	
0.0040311357006431	
iter:231260	
0.0036288241390139	
iter:231261	
0.0032377524767071	
iter:231262	
0.0027998869773	
iter:231263	
0.0029377224855125	
iter:231264	
0.0049684327095747	
iter:231265	
0.0053469813428819	
iter:231266	
0.0024565036874264	
iter:231267	
0.0049403551965952	
iter:231268	
0.0042735915631056	
iter:231269	
0.0026724385097623	
iter:231270	
0.0047792089171708	
iter:231271	
0.0053753475658596	
iter:231272	
0.0028005901258439	
iter:231273	
0.0040317862294614	
iter:231274	
0.0028253211639822	
iter:231275	
0.0048374822363257	
iter:231276	
0.0024836619850248	
iter:231277	
0.0058066491037607	
iter:231278	
0.0021950320806354	
iter:231279	
0.004078833386302	
iter:231280	
0.0038839105982333	
iter:231281	
0.0044353362172842	
iter:231282	
0.0027287590783089	
iter:231283	
0.0038507643621415	
iter:231284	
0.0026470914017409	
iter:231285	
0.0062047280371189	
iter:231286	
0.0030314461328089	
iter:231287	
0.0026805175002664	
iter:231288	
0.0058346861042082	
iter:231289	
0.0028349568601698	
iter:231290	
0.0038988378364593	
iter:231291	
0.0022773989476264	
iter:231292	
0.0032370330300182	
iter:231293	
0.0029850611463189	
iter:231294	
0.003299708943814	
iter:231295	
0.0080082565546036	
iter:231296	
0.0028647477738559	
iter:231297	
0.0032466982956976	
iter:231298	
0.0028625160921365	
iter:231299	
0.0048191389068961	
iter:231300	
0.0049096192233264	
iter:231301	
0.0053352834656835	
iter:231302	
0.0033533584792167	
iter:231303	
0.0038202563300729	
iter:231304	
0.0038750036619604	
iter:231305	
0.0070763579569757	
iter:231306	
0.0035437976475805	
iter:231307	
0.006333798635751	
iter:231308	
0.0058033643290401	
iter:231309	
0.0043268175795674	
iter:231310	
0.0053320587612689	
iter:231311	
0.0055946577340364	
iter:231312	
0.0026576367672533	
iter:231313	
0.0034312875941396	
iter:231314	
0.0027665374800563	
iter:231315	
0.0060956631787121	
iter:231316	
0.0036932553630322	
iter:231317	
0.0029134016949683	
iter:231318	
0.0030494572129101	
iter:231319	
0.004216842353344	
iter:231320	
0.002968522021547	
iter:231321	
0.0042729303240776	
iter:231322	
0.0040916949510574	
iter:231323	
0.0050626378506422	
iter:231324	
0.0048365811817348	
iter:231325	
0.0044728242792189	
iter:231326	
0.0038689319044352	
iter:231327	
0.0057188062928617	
iter:231328	
0.006630786228925	
iter:231329	
0.0030250905547291	
iter:231330	
0.0078744674101472	
iter:231331	
0.0041362773627043	
iter:231332	
0.0031611891463399	
iter:231333	
0.0048290165141225	
iter:231334	
0.0043082414194942	
iter:231335	
0.0057884487323463	
iter:231336	
0.0018337921937928	
iter:231337	
0.0040771197527647	
iter:231338	
0.0042318585328758	
iter:231339	
0.0053276722319424	
iter:231340	
0.0032265048939735	
iter:231341	
0.0048450855538249	
iter:231342	
0.0045046736486256	
iter:231343	
0.0080995606258512	
iter:231344	
0.0028991808649153	
iter:231345	
0.005159602034837	
iter:231346	
0.0038126776926219	
iter:231347	
0.0057041561231017	
iter:231348	
0.0029876695480198	
iter:231349	
0.0035588874015957	
iter:231350	
0.0048518488183618	
iter:231351	
0.0042715165764093	
iter:231352	
0.0024396111257374	
iter:231353	
0.0056522828526795	
iter:231354	
0.0034091186244041	
iter:231355	
0.0035606636665761	
iter:231356	
0.0030682682991028	
iter:231357	
0.0023325665388256	
iter:231358	
0.0053392597474158	
iter:231359	
0.006065025459975	
iter:231360	
0.0040479837916791	
iter:231361	
0.0047858487814665	
iter:231362	
0.0035367456730455	
iter:231363	
0.0049544875510037	
iter:231364	
0.0017831193981692	
iter:231365	
0.0044337389990687	
iter:231366	
0.0061359475366771	
iter:231367	
0.0062922844663262	
iter:231368	
0.0037000367883593	
iter:231369	
0.0024157327134162	
iter:231370	
0.0040044514462352	
iter:231371	
0.0046828272752464	
iter:231372	
0.0080612758174539	
iter:231373	
0.0036182750482112	
iter:231374	
0.0026224972680211	
iter:231375	
0.0045320275239646	
iter:231376	
0.0020432195160538	
iter:231377	
0.0034086839295924	
iter:231378	
0.0033488634508103	
iter:231379	
0.0040036989375949	
iter:231380	
0.0022732140496373	
iter:231381	
0.0074902540072799	
iter:231382	
0.0037432652898133	
iter:231383	
0.0061453524976969	
iter:231384	
0.0030273336451501	
iter:231385	
0.0029667834751308	
iter:231386	
0.0014701782492921	
iter:231387	
0.0047238101251423	
iter:231388	
0.0038324573542923	
iter:231389	
0.0067261066287756	
iter:231390	
0.0029495884664357	
iter:231391	
0.0043724840506911	
iter:231392	
0.0036481337156147	
iter:231393	
0.0036122780293226	
iter:231394	
0.0042708534747362	
iter:231395	
0.0046975072473288	
iter:231396	
0.0069297882728279	
iter:231397	
0.0034571650903672	
iter:231398	
0.0032088218722492	
iter:231399	
0.002948896959424	
iter:231400	
0.0046196240000427	
iter:231401	
0.0031990502029657	
iter:231402	
0.0038223832380027	
iter:231403	
0.0044862637296319	
iter:231404	
0.0042514097876847	
iter:231405	
0.0022701162379235	
iter:231406	
0.0050845365040004	
iter:231407	
0.003584478283301	
iter:231408	
0.0035622175782919	
iter:231409	
0.0040820459835231	
iter:231410	
0.0036961685400456	
iter:231411	
0.0064890752546489	
iter:231412	
0.0029506157152355	
iter:231413	
0.0031567064579576	
iter:231414	
0.0032302185427397	
iter:231415	
0.0034960608463734	
iter:231416	
0.0028077256865799	
iter:231417	
0.0040004546754062	
iter:231418	
0.0029379548504949	
iter:231419	
0.0037378142587841	
iter:231420	
0.0048932689242065	
iter:231421	
0.0044821286574006	
iter:231422	
0.0057064201682806	
iter:231423	
0.0035517420619726	
iter:231424	
0.0034604778047651	
iter:231425	
0.0019271709024906	
iter:231426	
0.0034248316660523	
iter:231427	
0.0042294231243432	
iter:231428	
0.0059021008200943	
iter:231429	
0.0035780412144959	
iter:231430	
0.0027351947501302	
iter:231431	
0.0044349366798997	
iter:231432	
0.0025949429254979	
iter:231433	
0.0027294645551592	
iter:231434	
0.0056020938791335	
iter:231435	
0.0016379281878471	
iter:231436	
0.0035247076302767	
iter:231437	
0.0045117265544832	
iter:231438	
0.0055860136635602	
iter:231439	
0.0017754090949893	
iter:231440	
0.0043510124087334	
iter:231441	
0.0031845164485276	
iter:231442	
0.0057661551982164	
iter:231443	
0.0089224772527814	
iter:231444	
0.0030761857051402	
iter:231445	
0.0047981585375965	
iter:231446	
0.0043158689513803	
iter:231447	
0.0037049220409244	
iter:231448	
0.0041106073185802	
iter:231449	
0.0021767595317215	
iter:231450	
0.0034635392948985	
iter:231451	
0.0050942925736308	
iter:231452	
0.0034838272258639	
iter:231453	
0.0037698124069721	
iter:231454	
0.005373755004257	
iter:231455	
0.0049646226689219	
iter:231456	
0.0061594266444445	
iter:231457	
0.0047731096856296	
iter:231458	
0.0022472320124507	
iter:231459	
0.0041142390109599	
iter:231460	
0.0045504057779908	
iter:231461	
0.0038653330411762	
iter:231462	
0.0028082851786166	
iter:231463	
0.0038589590694755	
iter:231464	
0.0042274547740817	
iter:231465	
0.0037372070364654	
iter:231466	
0.0038990241009742	
iter:231467	
0.0029868248384446	
iter:231468	
0.0041815880686045	
iter:231469	
0.0031615390907973	
iter:231470	
0.0054206731729209	
iter:231471	
0.004620420280844	
iter:231472	
0.0054332008585334	
iter:231473	
0.0018702170345932	
iter:231474	
0.0041784993372858	
iter:231475	
0.0047782589681447	
iter:231476	
0.0043419632129371	
iter:231477	
0.0074811507947743	
iter:231478	
0.004860240034759	
iter:231479	
0.0027677919715643	
iter:231480	
0.0038575863000005	
iter:231481	
0.0054691201075912	
iter:231482	
0.0043687336146832	
iter:231483	
0.0038520854432136	
iter:231484	
0.0017523388378322	
iter:231485	
0.0027769666630775	
iter:231486	
0.0054378062486649	
iter:231487	
0.0037325620651245	
iter:231488	
0.0043678064830601	
iter:231489	
0.0029423225205392	
iter:231490	
0.0048197559081018	
iter:231491	
0.0028355701360852	
iter:231492	
0.0092106033116579	
iter:231493	
0.0036545018665493	
iter:231494	
0.0033668021205813	
iter:231495	
0.0026011350564659	
iter:231496	
0.0049478928558528	
iter:231497	
0.0066452021710575	
iter:231498	
0.0044225589372218	
iter:231499	
0.0050332141108811	
iter:231500	
0.0020887213759124	
iter:231501	
0.0036113162059337	
iter:231502	
0.0049337246455252	
iter:231503	
0.0048022163100541	
iter:231504	
0.0029612819198519	
iter:231505	
0.0048786485567689	
iter:231506	
0.0046232407912612	
iter:231507	
0.0077011859975755	
iter:231508	
0.0044288751669228	
iter:231509	
0.005506050772965	
iter:231510	
0.0055490112863481	
iter:231511	
0.0023393135052174	
iter:231512	
0.0028104856610298	
iter:231513	
0.0062068398110569	
iter:231514	
0.0066277896985412	
iter:231515	
0.0056411363184452	
iter:231516	
0.0028989377897233	
iter:231517	
0.0051266383379698	
iter:231518	
0.0055552311241627	
iter:231519	
0.0037780415732414	
iter:231520	
0.0051997895352542	
iter:231521	
0.0063048060983419	
iter:231522	
0.0041588563472033	
iter:231523	
0.0018961845198646	
iter:231524	
0.0022727113682777	
iter:231525	
0.0021222434006631	
iter:231526	
0.0036264439113438	
iter:231527	
0.0032166431192309	
iter:231528	
0.002658435376361	
iter:231529	
0.00580696715042	
iter:231530	
0.0053770332597196	
iter:231531	
0.0057564228773117	
iter:231532	
0.0031390907242894	
iter:231533	
0.0036706270184368	
iter:231534	
0.0027029695920646	
iter:231535	
0.0023197915870696	
iter:231536	
0.004627279471606	
iter:231537	
0.0047502755187452	
iter:231538	
0.0037714017089456	
iter:231539	
0.004280420485884	
iter:231540	
0.0023254931438714	
iter:231541	
0.0060685309581459	
iter:231542	
0.0033952007070184	
iter:231543	
0.0039852713234723	
iter:231544	
0.0042624603956938	
iter:231545	
0.0030580316670239	
iter:231546	
0.0061173532158136	
iter:231547	
0.0044264774769545	
iter:231548	
0.0061712181195617	
iter:231549	
0.0031712825875729	
iter:231550	
0.0024527898058295	
iter:231551	
0.0040686707943678	
iter:231552	
0.0032281996682286	
iter:231553	
0.0064939241856337	
iter:231554	
0.0039497627876699	
iter:231555	
0.0035947486758232	
iter:231556	
0.0043970756232738	
iter:231557	
0.0052337315864861	
iter:231558	
0.0030286004766822	
iter:231559	
0.0037675085477531	
iter:231560	
0.0031032364349812	
iter:231561	
0.0027398488018662	
iter:231562	
0.0028348865453154	
iter:231563	
0.004811467602849	
iter:231564	
0.0029788373503834	
iter:231565	
0.0044154110364616	
iter:231566	
0.0037505852524191	
iter:231567	
0.0045923907309771	
iter:231568	
0.0043509933166206	
iter:231569	
0.0056896070018411	
iter:231570	
0.0055794822983444	
iter:231571	
0.0026803717482835	
iter:231572	
0.003296707989648	
iter:231573	
0.0034844430629164	
iter:231574	
0.0046186558902264	
iter:231575	
0.0052749966271222	
iter:231576	
0.0036364325787872	
iter:231577	
0.0060609988868237	
iter:231578	
0.0026486699935049	
iter:231579	
0.0041319993324578	
iter:231580	
0.0069575454108417	
iter:231581	
0.005875869654119	
iter:231582	
0.0041896607726812	
iter:231583	
0.0024065016768873	
iter:231584	
0.0051516499370337	
iter:231585	
0.0048726522363722	
iter:231586	
0.0031049980316311	
iter:231587	
0.0041068545542657	
iter:231588	
0.0034640182275325	
iter:231589	
0.0032573521602899	
iter:231590	
0.0023610417265445	
iter:231591	
0.0043890257366002	
iter:231592	
0.0028424977790564	
iter:231593	
0.0039737191982567	
iter:231594	
0.0037042815238237	
iter:231595	
0.0076000960543752	
iter:231596	
0.0046190079301596	
iter:231597	
0.0046604368835688	
iter:231598	
0.0039204908534884	
iter:231599	
0.0044170091859996	
iter:231600	
0.0040206066332757	
iter:231601	
0.0054499418474734	
iter:231602	
0.0037961704656482	
iter:231603	
0.0038212623912841	
iter:231604	
0.00696339039132	
iter:231605	
0.0089468006044626	
iter:231606	
0.005763394292444	
iter:231607	
0.0035448148846626	
iter:231608	
0.0041072051972151	
iter:231609	
0.0047265435568988	
iter:231610	
0.0040019364096224	
iter:231611	
0.0028411853127182	
iter:231612	
0.0038381065241992	
iter:231613	
0.0038181522395462	
iter:231614	
0.003129777032882	
iter:231615	
0.0042232531122863	
iter:231616	
0.0060153594240546	
iter:231617	
0.0079752160236239	
iter:231618	
0.0034046277869493	
iter:231619	
0.0052167973481119	
iter:231620	
0.0041102883405983	
iter:231621	
0.0054287291131914	
iter:231622	
0.0042235222645104	
iter:231623	
0.0038221294526011	
iter:231624	
0.0023205827455968	
iter:231625	
0.0045472467318177	
iter:231626	
0.00548823364079	
iter:231627	
0.0024261614307761	
iter:231628	
0.0054088560864329	
iter:231629	
0.0031212300527841	
iter:231630	
0.004467386752367	
iter:231631	
0.0048211044631898	
iter:231632	
0.0030638871248811	
iter:231633	
0.0039532091468573	
iter:231634	
0.0032501427922398	
iter:231635	
0.0043187779374421	
iter:231636	
0.0043663973920047	
iter:231637	
0.0046760719269514	
iter:231638	
0.0052351620979607	
iter:231639	
0.0050951363518834	
iter:231640	
0.0060753081925213	
iter:231641	
0.0033256155438721	
iter:231642	
0.0028179185464978	
iter:231643	
0.0061400239355862	
iter:231644	
0.0044141546823084	
iter:231645	
0.0055651473812759	
iter:231646	
0.0048633846454322	
iter:231647	
0.0021850657649338	
iter:231648	
0.0024827930610627	
iter:231649	
0.0021481232251972	
iter:231650	
0.002960704267025	
iter:231651	
0.0069117587991059	
iter:231652	
0.004853873513639	
iter:231653	
0.0064565809443593	
iter:231654	
0.0049259951338172	
iter:231655	
0.002894590375945	
iter:231656	
0.0036071420181543	
iter:231657	
0.0048564169555902	
iter:231658	
0.0051877195946872	
iter:231659	
0.0026044114492834	
iter:231660	
0.0057047177106142	
iter:231661	
0.0041192756034434	
iter:231662	
0.0054293191060424	
iter:231663	
0.0023982969578356	
iter:231664	
0.0023948976304382	
iter:231665	
0.0016782331513241	
iter:231666	
0.0045899050310254	
iter:231667	
0.0040448708459735	
iter:231668	
0.0069938101805747	
iter:231669	
0.0036938583943993	
iter:231670	
0.0041710259392858	
iter:231671	
0.003235689131543	
iter:231672	
0.0050620376132429	
iter:231673	
0.0033354570623487	
iter:231674	
0.0027077167760581	
iter:231675	
0.0015181835042313	
iter:231676	
0.0018605516524985	
iter:231677	
0.0033215400762856	
iter:231678	
0.0045009893365204	
iter:231679	
0.0025886169169098	
iter:231680	
0.0019695814698935	
iter:231681	
0.0027452304493636	
iter:231682	
0.0054068556055427	
iter:231683	
0.0011051521869376	
iter:231684	
0.0028513770084828	
iter:231685	
0.0019373579416424	
iter:231686	
0.0027126057539135	
iter:231687	
0.0042231259867549	
iter:231688	
0.002822149079293	
iter:231689	
0.0019805231131613	
iter:231690	
0.0025803425814956	
iter:231691	
0.0046921907924116	
iter:231692	
0.0049794036895037	
iter:231693	
0.0041429782286286	
iter:231694	
0.0042121983133256	
iter:231695	
0.0039201388135552	
iter:231696	
0.0041097882203758	
iter:231697	
0.0062533211894333	
iter:231698	
0.0050697503611445	
iter:231699	
0.0041230875067413	
iter:231700	
0.0024880471173674	
iter:231701	
0.0071695097722113	
iter:231702	
0.0049966075457633	
iter:231703	
0.0060598785057664	
iter:231704	
0.0045539820566773	
iter:231705	
0.004101783502847	
iter:231706	
0.0039002387784421	
iter:231707	
0.0049384455196559	
iter:231708	
0.0060721836052835	
iter:231709	
0.0054454472847283	
iter:231710	
0.0082611087709665	
iter:231711	
0.0038165468722582	
iter:231712	
0.0052052373066545	
iter:231713	
0.0037513312418014	
iter:231714	
0.0030580621678382	
iter:231715	
0.0042041521519423	
iter:231716	
0.0035441655199975	
iter:231717	
0.0045035607181489	
iter:231718	
0.0035768628586084	
iter:231719	
0.0027238309849054	
iter:231720	
0.004945479799062	
iter:231721	
0.0032431734725833	
iter:231722	
0.0063038407824934	
iter:231723	
0.0059641022235155	
iter:231724	
0.0035586969461292	
iter:231725	
0.0046194228343666	
iter:231726	
0.0025347536429763	
iter:231727	
0.0043080770410597	
iter:231728	
0.0069863204844296	
iter:231729	
0.0031255090143532	
iter:231730	
0.0033763709943742	
iter:231731	
0.0033536145929247	
iter:231732	
0.0033178394660354	
iter:231733	
0.0041727838106453	
iter:231734	
0.0036573812831193	
iter:231735	
0.0064767263829708	
iter:231736	
0.00344382179901	
iter:231737	
0.0038873956073076	
iter:231738	
0.0038927542045712	
iter:231739	
0.0059379679150879	
iter:231740	
0.0027219939511269	
iter:231741	
0.0019337728153914	
iter:231742	
0.0061162719503045	
iter:231743	
0.0063260355964303	
iter:231744	
0.0037005934864283	
iter:231745	
0.0037605557590723	
iter:231746	
0.0028954928275198	
iter:231747	
0.0038806898519397	
iter:231748	
0.0032676961272955	
iter:231749	
0.0030498607084155	
iter:231750	
0.0052139735780656	
iter:231751	
0.0034016633871943	
iter:231752	
0.0038946529384702	
iter:231753	
0.0031849283259362	
iter:231754	
0.004019423853606	
iter:231755	
0.0028309461195022	
iter:231756	
0.0042294915765524	
iter:231757	
0.0065283691510558	
iter:231758	
0.0036269589327276	
iter:231759	
0.0024935097899288	
iter:231760	
0.0042965388856828	
iter:231761	
0.0015413677319884	
iter:231762	
0.0033471807837486	
iter:231763	
0.0028551537543535	
iter:231764	
0.0059411413967609	
iter:231765	
0.0032115639187396	
iter:231766	
0.0059474823065102	
iter:231767	
0.0042448025196791	
iter:231768	
0.0039352541789412	
iter:231769	
0.0058189667761326	
iter:231770	
0.0050585931167006	
iter:231771	
0.0039521758444607	
iter:231772	
0.003764710156247	
iter:231773	
0.0040170974098146	
iter:231774	
0.0052719772793353	
iter:231775	
0.0041478490456939	
iter:231776	
0.0034718213137239	
iter:231777	
0.0058569554239511	
iter:231778	
0.0046010026708245	
iter:231779	
0.0089322542771697	
iter:231780	
0.0052929702214897	
iter:231781	
0.0036723699886352	
iter:231782	
0.0040292381308973	
iter:231783	
0.0035136376973242	
iter:231784	
0.0020242494065315	
iter:231785	
0.0039858999662101	
iter:231786	
0.0026637348346412	
iter:231787	
0.0068665375001729	
iter:231788	
0.0028119743801653	
iter:231789	
0.0039157383143902	
iter:231790	
0.0032127741724253	
iter:231791	
0.004699279088527	
iter:231792	
0.0067823859862983	
iter:231793	
0.0020313456188887	
iter:231794	
0.0027498370036483	
iter:231795	
0.0036244585644454	
iter:231796	
0.0044104591943324	
iter:231797	
0.0027043628506362	
iter:231798	
0.0042497436515987	
iter:231799	
0.0049677793867886	
iter:231800	
0.0038734851405025	
iter:231801	
0.0061962348408997	
iter:231802	
0.0043868753127754	
iter:231803	
0.0042202617041767	
iter:231804	
0.0050062271766365	
iter:231805	
0.0064170053228736	
iter:231806	
0.0034115794114769	
iter:231807	
0.010631071403623	
iter:231808	
0.0062618348747492	
iter:231809	
0.0073692686855793	
iter:231810	
0.005072436761111	
iter:231811	
0.0039289509877563	
iter:231812	
0.0025937387254089	
iter:231813	
0.0025447318330407	
iter:231814	
0.0042420728132129	
iter:231815	
0.0031565171666443	
iter:231816	
0.0020851297304034	
iter:231817	
0.0057971184141934	
iter:231818	
0.0024491425137967	
iter:231819	
0.0041597746312618	
iter:231820	
0.0017747178208083	
iter:231821	
0.0031848861835897	
iter:231822	
0.0027954105753452	
iter:231823	
0.0019565960392356	
iter:231824	
0.0074052368290722	
iter:231825	
0.0055423169396818	
iter:231826	
0.0026271119713783	
iter:231827	
0.0071691325865686	
iter:231828	
0.0025433958508074	
iter:231829	
0.0023655761033297	
iter:231830	
0.0041425004601479	
iter:231831	
0.0032590075861663	
iter:231832	
0.0028114398010075	
iter:231833	
0.0054856976494193	
iter:231834	
0.0057976306416094	
iter:231835	
0.0048413029871881	
iter:231836	
0.0042678839527071	
iter:231837	
0.005213912576437	
iter:231838	
0.0028486112132668	
iter:231839	
0.0013407079968601	
iter:231840	
0.0055568516254425	
iter:231841	
0.0066263317130506	
iter:231842	
0.0072821280919015	
iter:231843	
0.0055173933506012	
iter:231844	
0.0051692994311452	
iter:231845	
0.0042581064626575	
iter:231846	
0.0031669046729803	
iter:231847	
0.0027113710530102	
iter:231848	
0.008052104152739	
iter:231849	
0.003660291666165	
iter:231850	
0.0022279354743659	
iter:231851	
0.010811779648066	
iter:231852	
0.0025026637595147	
iter:231853	
0.0024458910338581	
iter:231854	
0.006615852471441	
iter:231855	
0.0050235646776855	
iter:231856	
0.0043935873545706	
iter:231857	
0.005900242831558	
iter:231858	
0.007332188077271	
iter:231859	
0.0048020128160715	
iter:231860	
0.0051963324658573	
iter:231861	
0.0074812737293541	
iter:231862	
0.0044194078072906	
iter:231863	
0.002797226421535	
iter:231864	
0.0077809011563659	
iter:231865	
0.0054943389259279	
iter:231866	
0.0047423681244254	
iter:231867	
0.003877631155774	
iter:231868	
0.0046744225546718	
iter:231869	
0.0046310373581946	
iter:231870	
0.0028324914164841	
iter:231871	
0.0040263468399644	
iter:231872	
0.002502724295482	
iter:231873	
0.0044733267277479	
iter:231874	
0.0042578163556755	
iter:231875	
0.00508570112288	
iter:231876	
0.0048538842238486	
iter:231877	
0.006676240824163	
iter:231878	
0.0051439884118736	
iter:231879	
0.0029327860102057	
iter:231880	
0.0031945093069226	
iter:231881	
0.0040183556266129	
iter:231882	
0.0051959892734885	
iter:231883	
0.0032334106508642	
iter:231884	
0.003116543404758	
iter:231885	
0.0075568407773972	
iter:231886	
0.0047678318805993	
iter:231887	
0.0025023659691215	
iter:231888	
0.0024755403865129	
iter:231889	
0.0033957730047405	
iter:231890	
0.0050965007394552	
iter:231891	
0.0033862278796732	
iter:231892	
0.004580644890666	
iter:231893	
0.0036392377223819	
iter:231894	
0.0051153064705431	
iter:231895	
0.002155339345336	
iter:231896	
0.004897540435195	
iter:231897	
0.0053569041192532	
iter:231898	
0.0034135093446821	
iter:231899	
0.0056150760501623	
iter:231900	
0.0034855250269175	
iter:231901	
0.0045895311050117	
iter:231902	
0.0028752775397152	
iter:231903	
0.0040936321020126	
iter:231904	
0.0067931553348899	
iter:231905	
0.0078517915681005	
iter:231906	
0.0047873049043119	
iter:231907	
0.0026376233436167	
iter:231908	
0.003945526201278	
iter:231909	
0.0040640039369464	
iter:231910	
0.0050073373131454	
iter:231911	
0.0053117657080293	
iter:231912	
0.0053797182627022	
iter:231913	
0.0058296155184507	
iter:231914	
0.0033718631602824	
iter:231915	
0.0049195624887943	
iter:231916	
0.00267388462089	
iter:231917	
0.0036202257033437	
iter:231918	
0.0047864061780274	
iter:231919	
0.0054402882233262	
iter:231920	
0.0024777024518698	
iter:231921	
0.0040796734392643	
iter:231922	
0.0038178903050721	
iter:231923	
0.0095108700916171	
iter:231924	
0.0032255079131573	
iter:231925	
0.0044668060727417	
iter:231926	
0.0045129456557333	
iter:231927	
0.0033624523784965	
iter:231928	
0.0025710314512253	
iter:231929	
0.004027827642858	
iter:231930	
0.0038628766778857	
iter:231931	
0.0031362837180495	
iter:231932	
0.0046614864841104	
iter:231933	
0.0032682297751307	
iter:231934	
0.0079333940520883	
iter:231935	
0.0051807989366353	
iter:231936	
0.0049796849489212	
iter:231937	
0.0055227787233889	
iter:231938	
0.0036613647826016	
iter:231939	
0.0049678953364491	
iter:231940	
0.0051181800663471	
iter:231941	
0.0049327351152897	
iter:231942	
0.0042723547667265	
iter:231943	
0.0035392339341342	
iter:231944	
0.0054536373354495	
iter:231945	
0.0035630490165204	
iter:231946	
0.0027749270666391	
iter:231947	
0.0051510594785213	
iter:231948	
0.0037342119030654	
iter:231949	
0.00366569776088	
iter:231950	
0.0066085988655686	
iter:231951	
0.0039826524443924	
iter:231952	
0.0042492318898439	
iter:231953	
0.0057698511518538	
iter:231954	
0.0023682981263846	
iter:231955	
0.0085370447486639	
iter:231956	
0.0031470519024879	
iter:231957	
0.0072733187116683	
iter:231958	
0.0022050086408854	
iter:231959	
0.0023680177982897	
iter:231960	
0.0050720730796456	
iter:231961	
0.0048841345123947	
iter:231962	
0.0037675516214222	
iter:231963	
0.0034839839208871	
iter:231964	
0.0065549272112548	
iter:231965	
0.0047539467923343	
iter:231966	
0.0054482221603394	
iter:231967	
0.0041615287773311	
iter:231968	
0.0040023233741522	
iter:231969	
0.0036220995243639	
iter:231970	
0.0049070604145527	
iter:231971	
0.0044811521656811	
iter:231972	
0.0032463411334902	
iter:231973	
0.0032436351757497	
iter:231974	
0.011768584139645	
iter:231975	
0.0067964340560138	
iter:231976	
0.0048037329688668	
iter:231977	
0.0035717429127544	
iter:231978	
0.0040325173176825	
iter:231979	
0.0040852571837604	
iter:231980	
0.0050120735540986	
iter:231981	
0.0049762637354434	
iter:231982	
0.0019213571213186	
iter:231983	
0.0058394903317094	
iter:231984	
0.0035106183495373	
iter:231985	
0.0040676677599549	
iter:231986	
0.0043688546866179	
iter:231987	
0.0051266816444695	
iter:231988	
0.0034090513363481	
iter:231989	
0.0030714604072273	
iter:231990	
0.0030559438746423	
iter:231991	
0.003812818787992	
iter:231992	
0.0041901953518391	
iter:231993	
0.006780294701457	
iter:231994	
0.0046659912914038	
iter:231995	
0.0058163148351014	
iter:231996	
0.0046434770338237	
iter:231997	
0.0057754823938012	
iter:231998	
0.0032477555796504	
iter:231999	
0.0035354772116989	
iter:232000	
0.0031826633494347	
iter:232001	
0.0041445884853601	
iter:232002	
0.0020825655665249	
iter:232003	
0.0049796956591308	
iter:232004	
0.0037078310269862	
iter:232005	
0.0049787424504757	
iter:232006	
0.0069074691273272	
iter:232007	
0.0049852537922561	
iter:232008	
0.0058523556217551	
iter:232009	
0.0025767013430595	
iter:232010	
0.004711723420769	
iter:232011	
0.004984384868294	
iter:232012	
0.0061924839392304	
iter:232013	
0.0027591651305556	
iter:232014	
0.0037967399694026	
iter:232015	
0.003821806050837	
iter:232016	
0.0038604384753853	
iter:232017	
0.0035375580191612	
iter:232018	
0.0050888783298433	
iter:232019	
0.0028816550038755	
iter:232020	
0.0045446925796568	
iter:232021	
0.0030469223856926	
iter:232022	
0.0036198082379997	
iter:232023	
0.0042877281084657	
iter:232024	
0.0038771550171077	
iter:232025	
0.0042080795392394	
iter:232026	
0.0083471275866032	
iter:232027	
0.0080271223559976	
iter:232028	
0.0034066697116941	
iter:232029	
0.0051701627671719	
iter:232030	
0.0031996760517359	
iter:232031	
0.005914781242609	
iter:232032	
0.0047685005702078	
iter:232033	
0.0090365102514625	
iter:232034	
0.0044172592461109	
iter:232035	
0.0036329610738903	
iter:232036	
0.0052481619641185	
iter:232037	
0.0037756059318781	
iter:232038	
0.0042772586457431	
iter:232039	
0.0051925056613982	
iter:232040	
0.0067859031260014	
iter:232041	
0.0058171385899186	
iter:232042	
0.0028475667349994	
iter:232043	
0.003132491838187	
iter:232044	
0.0034594666212797	
iter:232045	
0.0049418252892792	
iter:232046	
0.0030720736831427	
iter:232047	
0.0024832233320922	
iter:232048	
0.002989168278873	
iter:232049	
0.00395522499457	
iter:232050	
0.0041638845577836	
iter:232051	
0.0027310186997056	
iter:232052	
0.0035808326210827	
iter:232053	
0.0034379584249109	
iter:232054	
0.0029745057690889	
iter:232055	
0.0047019249759614	
iter:232056	
0.0040931683033705	
iter:232057	
0.0092202285304666	
iter:232058	
0.0065520140342414	
iter:232059	
0.004325027577579	
iter:232060	
0.0033267422113568	
iter:232061	
0.0036924669984728	
iter:232062	
0.0028058539610356	
iter:232063	
0.0039473189972341	
iter:232064	
0.0055504362098873	
iter:232065	
0.0040035024285316	
iter:232066	
0.0037381621077657	
iter:232067	
0.003288809908554	
iter:232068	
0.0032606394961476	
iter:232069	
0.0047480231150985	
iter:232070	
0.0021151576656848	
iter:232071	
0.0033099120482802	
iter:232072	
0.0019969562999904	
iter:232073	
0.0036548955831677	
iter:232074	
0.0044897687621415	
iter:232075	
0.0030342033132911	
iter:232076	
0.0049484618939459	
iter:232077	
0.0045017856173217	
iter:232078	
0.0041803754866123	
iter:232079	
0.0045094448141754	
iter:232080	
0.00514923222363	
iter:232081	
0.004617162514478	
iter:232082	
0.0045091025531292	
iter:232083	
0.0058159688487649	
iter:232084	
0.0039418186061084	
iter:232085	
0.0049373982474208	
iter:232086	
0.0072372104041278	
iter:232087	
0.0051837544888258	
iter:232088	
0.0053934860043228	
iter:232089	
0.0041038105264306	
iter:232090	
0.0032147001475096	
iter:232091	
0.0062222261913121	
iter:232092	
0.0037368594203144	
iter:232093	
0.0037575128953904	
iter:232094	
0.0077100424095988	
iter:232095	
0.0044271484948695	
iter:232096	
0.0048177861608565	
iter:232097	
0.0047856331802905	
iter:232098	
0.004261746071279	
iter:232099	
0.0024624925572425	
iter:232100	
0.0035152728669345	
iter:232101	
0.0041172420606017	
iter:232102	
0.0022488562390208	
iter:232103	
0.0066443653777242	
iter:232104	
0.0061206934042275	
iter:232105	
0.0038007069379091	
iter:232106	
0.0048752287402749	
iter:232107	
0.0034282805863768	
iter:232108	
0.0029482843820006	
iter:232109	
0.005356615409255	
iter:232110	
0.0060834800824523	
iter:232111	
0.0049210232682526	
iter:232112	
0.0050587682053447	
iter:232113	
0.007619655225426	
iter:232114	
0.0031455899588764	
iter:232115	
0.0028542159125209	
iter:232116	
0.0064198630861938	
iter:232117	
0.0052004149183631	
iter:232118	
0.0033382773399353	
iter:232119	
0.0043364739976823	
iter:232120	
0.0045865457504988	
iter:232121	
0.002090003574267	
iter:232122	
0.0030990096274763	
iter:232123	
0.0013167726574466	
iter:232124	
0.0047679864801466	
iter:232125	
0.0028336956165731	
iter:232126	
0.005400899797678	
iter:232127	
0.0035446065012366	
iter:232128	
0.00596336228773	
iter:232129	
0.0033549580257386	
iter:232130	
0.0044495053589344	
iter:232131	
0.0047208871692419	
iter:232132	
0.0031989873386919	
iter:232133	
0.0050191525369883	
iter:232134	
0.0024628972169012	
iter:232135	
0.0044713979586959	
iter:232136	
0.0047122561372817	
iter:232137	
0.0058553242124617	
iter:232138	
0.0036087543703616	
iter:232139	
0.0049082101322711	
iter:232140	
0.0070520676672459	
iter:232141	
0.0065493434667587	
iter:232142	
0.0032717706635594	
iter:232143	
0.0038110078312457	
iter:232144	
0.0050585870631039	
iter:232145	
0.002927971072495	
iter:232146	
0.0043925219215453	
iter:232147	
0.0048591904342175	
iter:232148	
0.0054696328006685	
iter:232149	
0.0052444818429649	
iter:232150	
0.0033233419526368	
iter:232151	
0.0026882335077971	
iter:232152	
0.0033271084539592	
iter:232153	
0.0024239951744676	
iter:232154	
0.0028479353059083	
iter:232155	
0.0076887435279787	
iter:232156	
0.0032688966020942	
iter:232157	
0.0096018919721246	
iter:232158	
0.003760420717299	
iter:232159	
0.0053996974602342	
iter:232160	
0.0050999172963202	
iter:232161	
0.0038398909382522	
iter:232162	
0.0032673757523298	
iter:232163	
0.003346361219883	
iter:232164	
0.0033859307877719	
iter:232165	
0.0042914520017803	
iter:232166	
0.0038584049325436	
iter:232167	
0.0039575584232807	
iter:232168	
0.0033312689047307	
iter:232169	
0.0049739233218133	
iter:232170	
0.0062102405354381	
iter:232171	
0.0035029577556998	
iter:232172	
0.0044512157328427	
iter:232173	
0.0039479392580688	
iter:232174	
0.0083200419321656	
iter:232175	
0.0057453336194158	
iter:232176	
0.0047530154697597	
iter:232177	
0.0054478440433741	
iter:232178	
0.0053364611230791	
iter:232179	
0.0031130111310631	
iter:232180	
0.0023311320692301	
iter:232181	
0.0019775489345193	
iter:232182	
0.0037253806367517	
iter:232183	
0.0042325383983552	
iter:232184	
0.0059564495459199	
iter:232185	
0.0042911688797176	
iter:232186	
0.0052554663270712	
iter:232187	
0.0043519474565983	
iter:232188	
0.0038392087444663	
iter:232189	
0.0028592888265848	
iter:232190	
0.0037392182275653	
iter:232191	
0.002815202344209	
iter:232192	
0.0021729764994234	
iter:232193	
0.0041972394101322	
iter:232194	
0.0053624636493623	
iter:232195	
0.0040955953299999	
iter:232196	
0.003955228254199	
iter:232197	
0.0032982649281621	
iter:232198	
0.0042809746228158	
iter:232199	
0.003195001045242	
iter:232200	
0.0074612107127905	
iter:232201	
0.0060445670969784	
iter:232202	
0.0064079444855452	
iter:232203	
0.0063895513303578	
iter:232204	
0.0050526978448033	
iter:232205	
0.0034954205621034	
iter:232206	
0.007089018356055	
iter:232207	
0.0046879816800356	
iter:232208	
0.0081654917448759	
iter:232209	
0.0030737933702767	
iter:232210	
0.00526751158759	
iter:232211	
0.0028148833662271	
iter:232212	
0.0041085500270128	
iter:232213	
0.0049038697034121	
iter:232214	
0.0034510376863182	
iter:232215	
0.0082015180960298	
iter:232216	
0.0015875414246693	
iter:232217	
0.0041624330915511	
iter:232218	
0.0034194430336356	
iter:232219	
0.006088332273066	
iter:232220	
0.0011151438811794	
iter:232221	
0.0022352321539074	
iter:232222	
0.0046874722465873	
iter:232223	
0.0035856543108821	
iter:232224	
0.0051281847991049	
iter:232225	
0.0040090032853186	
iter:232226	
0.0032625454477966	
iter:232227	
0.0030372261535376	
iter:232228	
0.0066733653657138	
iter:232229	
0.0024327710270882	
iter:232230	
0.0034391824156046	
iter:232231	
0.0045690280385315	
iter:232232	
0.0079797385260463	
iter:232233	
0.0022426752839237	
iter:232234	
0.0021591226104647	
iter:232235	
0.0045756436884403	
iter:232236	
0.0047798273153603	
iter:232237	
0.0029862609226257	
iter:232238	
0.0034113021101803	
iter:232239	
0.0037065569777042	
iter:232240	
0.0031781231518835	
iter:232241	
0.0029052649624646	
iter:232242	
0.004911526106298	
iter:232243	
0.0028621016535908	
iter:232244	
0.0023015663027763	
iter:232245	
0.0034241531975567	
iter:232246	
0.0034686240833253	
iter:232247	
0.005494425073266	
iter:232248	
0.0038778050802648	
iter:232249	
0.0048284446820617	
iter:232250	
0.005779342725873	
iter:232251	
0.0046292399056256	
iter:232252	
0.0058615170419216	
iter:232253	
0.0031746157910675	
iter:232254	
0.0048492192290723	
iter:232255	
0.0054492512717843	
iter:232256	
0.0037814350798726	
iter:232257	
0.0057172868400812	
iter:232258	
0.0059081423096359	
iter:232259	
0.0040735518559813	
iter:232260	
0.0048961420543492	
iter:232261	
0.0049437177367508	
iter:232262	
0.0040258192457259	
iter:232263	
0.0018589049577713	
iter:232264	
0.0035936129279435	
iter:232265	
0.0035468994174153	
iter:232266	
0.0039089652709663	
iter:232267	
0.0035775792784989	
iter:232268	
0.0034687879960984	
iter:232269	
0.0021387948654592	
iter:232270	
0.0047120302915573	
iter:232271	
0.0033536092378199	
iter:232272	
0.0023366075474769	
iter:232273	
0.0068063386715949	
iter:232274	
0.0023051148746163	
iter:232275	
0.0051120542921126	
iter:232276	
0.0030577124562114	
iter:232277	
0.0065234936773777	
iter:232278	
0.0031259714160115	
iter:232279	
0.0032610101625323	
iter:232280	
0.0030562120955437	
iter:232281	
0.0053689870983362	
iter:232282	
0.0049940794706345	
iter:232283	
0.0067178020253778	
iter:232284	
0.0039679845795035	
iter:232285	
0.0036259654443711	
iter:232286	
0.002498083980754	
iter:232287	
0.0024749690201133	
iter:232288	
0.0035647514741868	
iter:232289	
0.0032887756824493	
iter:232290	
0.0018335960339755	
iter:232291	
0.0034904270432889	
iter:232292	
0.0031193064060062	
iter:232293	
0.0042359777726233	
iter:232294	
0.0039292457513511	
iter:232295	
0.0041363798081875	
iter:232296	
0.0039524300955236	
iter:232297	
0.0088376952335238	
iter:232298	
0.0061594983562827	
iter:232299	
0.0071114157326519	
iter:232300	
0.0052349586039782	
iter:232301	
0.0032472307793796	
iter:232302	
0.0069676213897765	
iter:232303	
0.0065765026956797	
iter:232304	
0.0018796412041411	
iter:232305	
0.0042369831353426	
iter:232306	
0.0051487991586328	
iter:232307	
0.0053436895832419	
iter:232308	
0.0045329001732171	
iter:232309	
0.0033375027123839	
iter:232310	
0.0027579849120229	
iter:232311	
0.0043798089027405	
iter:232312	
0.0037740839179605	
iter:232313	
0.0055588893592358	
iter:232314	
0.0026272078976035	
iter:232315	
0.0054253432899714	
iter:232316	
0.0029605871532112	
iter:232317	
0.0022813659161329	
iter:232318	
0.0041806614026427	
iter:232319	
0.0042510824277997	
iter:232320	
0.0047490685246885	
iter:232321	
0.0054766703397036	
iter:232322	
0.0024750779848546	
iter:232323	
0.0054844319820404	
iter:232324	
0.0046338052488863	
iter:232325	
0.0043653938919306	
iter:232326	
0.0019442533375695	
iter:232327	
0.0019340522121638	
iter:232328	
0.0027644846122712	
iter:232329	
0.0034788995981216	
iter:232330	
0.0031975298188627	
iter:232331	
0.0029211372602731	
iter:232332	
0.0037579925265163	
iter:232333	
0.00572962872684	
iter:232334	
0.0045297080650926	
iter:232335	
0.0053433454595506	
iter:232336	
0.0073420722037554	
iter:232337	
0.0042318538762629	
iter:232338	
0.0039506959728897	
iter:232339	
0.0040371217764914	
iter:232340	
0.0026571033522487	
iter:232341	
0.0038147021550685	
iter:232342	
0.0034683893900365	
iter:232343	
0.0037545787636191	
iter:232344	
0.002656267490238	
iter:232345	
0.0050974655896425	
iter:232346	
0.0051896180957556	
iter:232347	
0.0035508931614459	
iter:232348	
0.0056709968484938	
iter:232349	
0.0044098123908043	
iter:232350	
0.0044910083524883	
iter:232351	
0.0046237017959356	
iter:232352	
0.0015013463562354	
iter:232353	
0.0026600703131407	
iter:232354	
0.0027161044999957	
iter:232355	
0.0019575038459152	
iter:232356	
0.0044849975965917	
iter:232357	
0.0024920103605837	
iter:232358	
0.0023956398945302	
iter:232359	
0.0040525165386498	
iter:232360	
0.0054046311415732	
iter:232361	
0.0043597305193543	
iter:232362	
0.0061046755872667	
iter:232363	
0.0045364904217422	
iter:232364	
0.0027906319592148	
iter:232365	
0.003562408965081	
iter:232366	
0.0041347071528435	
iter:232367	
0.0020320552866906	
iter:232368	
0.0029838269110769	
iter:232369	
0.0029226194601506	
iter:232370	
0.0054559675045311	
iter:232371	
0.0031555339228362	
iter:232372	
0.0052712000906467	
iter:232373	
0.0039334082975984	
iter:232374	
0.0023200665600598	
iter:232375	
0.0037150080315769	
iter:232376	
0.0048165386542678	
iter:232377	
0.0037519512698054	
iter:232378	
0.0039447001181543	
iter:232379	
0.0014941849512979	
iter:232380	
0.0028295966330916	
iter:232381	
0.0038969891611487	
iter:232382	
0.0037665050476789	
iter:232383	
0.0026915613561869	
iter:232384	
0.0041257487609982	
iter:232385	
0.0037086179945618	
iter:232386	
0.0031711822375655	
iter:232387	
0.0040858797729015	
iter:232388	
0.0039639510214329	
iter:232389	
0.0055719874799252	
iter:232390	
0.0067218393087387	
iter:232391	
0.0027465955354273	
iter:232392	
0.0030138017609715	
iter:232393	
0.0034484406933188	
iter:232394	
0.0039220051839948	
iter:232395	
0.0024591709952801	
iter:232396	
0.0032400449272245	
iter:232397	
0.0037110955454409	
iter:232398	
0.0041904635727406	
iter:232399	
0.0062326765619218	
iter:232400	
0.0042536221444607	
iter:232401	
0.0058222450315952	
iter:232402	
0.0033325403928757	
iter:232403	
0.0041592502966523	
iter:232404	
0.0030894114170223	
iter:232405	
0.0044922544620931	
iter:232406	
0.0038864568341523	
iter:232407	
0.0048909937031567	
iter:232408	
0.0051108924672008	
iter:232409	
0.0031167084816843	
iter:232410	
0.0035124288406223	
iter:232411	
0.0033359709195793	
iter:232412	
0.0065790531225502	
iter:232413	
0.0028775427490473	
iter:232414	
0.0037712571211159	
iter:232415	
0.0033893343061209	
iter:232416	
0.0032390702981502	
iter:232417	
0.0052642147056758	
iter:232418	
0.0035904725082219	
iter:232419	
0.0037050335668027	
iter:232420	
0.0028204822447151	
iter:232421	
0.0049793520011008	
iter:232422	
0.006208062171936	
iter:232423	
0.0037879424635321	
iter:232424	
0.0049896230921149	
iter:232425	
0.002852126955986	
iter:232426	
0.0037587869446725	
iter:232427	
0.002009289804846	
iter:232428	
0.0039743618108332	
iter:232429	
0.0029007121920586	
iter:232430	
0.0039772479794919	
iter:232431	
0.0032748261000961	
iter:232432	
0.0039096036925912	
iter:232433	
0.0059068887494504	
iter:232434	
0.0041570691391826	
iter:232435	
0.0022361932788044	
iter:232436	
0.0047442177310586	
iter:232437	
0.0042622480541468	
iter:232438	
0.0044379541650414	
iter:232439	
0.0039950404316187	
iter:232440	
0.0035067950375378	
iter:232441	
0.0029037091881037	
iter:232442	
0.0045045185834169	
iter:232443	
0.0042357109487057	
iter:232444	
0.0057151070795953	
iter:232445	
0.0035122137051076	
iter:232446	
0.0036215083673596	
iter:232447	
0.0051081273704767	
iter:232448	
0.006881030742079	
iter:232449	
0.0032330835238099	
iter:232450	
0.0046989973634481	
iter:232451	
0.0049323025159538	
iter:232452	
0.0025074686855078	
iter:232453	
0.0053387642838061	
iter:232454	
0.006141509860754	
iter:232455	
0.0020763471256942	
iter:232456	
0.0023867469280958	
iter:232457	
0.006642023101449	
iter:232458	
0.0042459391988814	
iter:232459	
0.0033307196572423	
iter:232460	
0.005083188880235	
iter:232461	
0.0064325737766922	
iter:232462	
0.0042188935913146	
iter:232463	
0.0042064231820405	
iter:232464	
0.0040690558962524	
iter:232465	
0.0053909542039037	
iter:232466	
0.0036637140437961	
iter:232467	
0.0027335246559232	
iter:232468	
0.0045798313803971	
iter:232469	
0.0031925668008626	
iter:232470	
0.0038891946896911	
iter:232471	
0.0051845428533852	
iter:232472	
0.0031181056983769	
iter:232473	
0.0038931930903345	
iter:232474	
0.0042548053897917	
iter:232475	
0.0024339277297258	
iter:232476	
0.0045886817388237	
iter:232477	
0.0036511416547	
iter:232478	
0.0051365313120186	
iter:232479	
0.0044510047882795	
iter:232480	
0.0018477200064808	
iter:232481	
0.0035428360570222	
iter:232482	
0.0028841542080045	
iter:232483	
0.0059643900021911	
iter:232484	
0.0014867016579956	
iter:232485	
0.0057578175328672	
iter:232486	
0.0039430973120034	
iter:232487	
0.0040309405885637	
iter:232488	
0.0035099340602756	
iter:232489	
0.0039172959513962	
iter:232490	
0.0036459593102336	
iter:232491	
0.0044174725189805	
iter:232492	
0.0044949450530112	
iter:232493	
0.0034014966804534	
iter:232494	
0.0023548784665763	
iter:232495	
0.0043885582126677	
iter:232496	
0.0055423695594072	
iter:232497	
0.0037482830230147	
iter:232498	
0.0040158024057746	
iter:232499	
0.0040338961407542	
iter:232500	
0.0026335851289332	
iter:232501	
0.01157751493156	
iter:232502	
0.0041938368231058	
iter:232503	
0.0038339148741215	
iter:232504	
0.0040507717058063	
iter:232505	
0.0046467771753669	
iter:232506	
0.0068336697295308	
iter:232507	
0.0053616166114807	
iter:232508	
0.0029399138875306	
iter:232509	
0.0032188941258937	
iter:232510	
0.0027732367161661	
iter:232511	
0.00380773935467	
iter:232512	
0.0030430257320404	
iter:232513	
0.0053154765628278	
iter:232514	
0.0032420228235424	
iter:232515	
0.003110654419288	
iter:232516	
0.0031887132208794	
iter:232517	
0.0018969805678353	
iter:232518	
0.0033275301102549	
iter:232519	
0.0061929482035339	
iter:232520	
0.0054013249464333	
iter:232521	
0.0028245693538338	
iter:232522	
0.0025586870033294	
iter:232523	
0.003746978007257	
iter:232524	
0.0046427450142801	
iter:232525	
0.0048162997700274	
iter:232526	
0.0067785857245326	
iter:232527	
0.0043241372331977	
iter:232528	
0.0051724235527217	
iter:232529	
0.0041369674727321	
iter:232530	
0.0028234214987606	
iter:232531	
0.0037605622783303	
iter:232532	
0.0030126292258501	
iter:232533	
0.0074003040790558	
iter:232534	
0.0022426375653595	
iter:232535	
0.0057255993597209	
iter:232536	
0.0048815966583788	
iter:232537	
0.0043862871825695	
iter:232538	
0.0043366444297135	
iter:232539	
0.0027426080778241	
iter:232540	
0.0059903091751039	
iter:232541	
0.0036056903190911	
iter:232542	
0.005912730935961	
iter:232543	
0.0022889273241162	
iter:232544	
0.0049055456183851	
iter:232545	
0.0058689140714705	
iter:232546	
0.0029715939890593	
iter:232547	
0.0035687950439751	
iter:232548	
0.0032384207006544	
iter:232549	
0.0047562415711582	
iter:232550	
0.0039724153466523	
iter:232551	
0.0041946559213102	
iter:232552	
0.0017388868145645	
iter:232553	
0.004326322581619	
iter:232554	
0.0030886048916727	
iter:232555	
0.0055734789930284	
iter:232556	
0.0034430047962815	
iter:232557	
0.0041782208718359	
iter:232558	
0.0041614114306867	
iter:232559	
0.0040063662454486	
iter:232560	
0.0041050408035517	
iter:232561	
0.0038032424636185	
iter:232562	
0.0025571708101779	
iter:232563	
0.0062706074677408	
iter:232564	
0.0027245373930782	
iter:232565	
0.0019842928741127	
iter:232566	
0.0044478722847998	
iter:232567	
0.0037264057900757	
iter:232568	
0.0018020808929577	
iter:232569	
0.0045324675738811	
iter:232570	
0.0042802537791431	
iter:232571	
0.0050052832812071	
iter:232572	
0.004781193099916	
iter:232573	
0.0054991147480905	
iter:232574	
0.0067609967663884	
iter:232575	
0.0044403173960745	
iter:232576	
0.0080534107983112	
iter:232577	
0.0031688387971371	
iter:232578	
0.0034052450209856	
iter:232579	
0.0051430314779282	
iter:232580	
0.0032041077502072	
iter:232581	
0.0045120907016098	
iter:232582	
0.0022231119219214	
iter:232583	
0.004706000443548	
iter:232584	
0.0044045629911125	
iter:232585	
0.0030231466516852	
iter:232586	
0.003654413158074	
iter:232587	
0.0056677404791117	
iter:232588	
0.0033493833616376	
iter:232589	
0.0060555431991816	
iter:232590	
0.0028644080739468	
iter:232591	
0.0012224500533193	
iter:232592	
0.0059702834114432	
iter:232593	
0.0023656794801354	
iter:232594	
0.0023278251755983	
iter:232595	
0.0030746150296181	
iter:232596	
0.0039027908351272	
iter:232597	
0.004211746621877	
iter:232598	
0.0049625337123871	
iter:232599	
0.005773083306849	
iter:232600	
0.0041686189360917	
iter:232601	
0.0029106384608895	
iter:232602	
0.006033796351403	
iter:232603	
0.0032418614719063	
iter:232604	
0.0057983747683465	
iter:232605	
0.0041479710489511	
iter:232606	
0.0058021540753543	
iter:232607	
0.005936814006418	
iter:232608	
0.0032992158085108	
iter:232609	
0.0042950236238539	
iter:232610	
0.0031015907879919	
iter:232611	
0.0065992292948067	
iter:232612	
0.0040733865462244	
iter:232613	
0.0028171429876238	
iter:232614	
0.0049024820327759	
iter:232615	
0.0029434496536851	
iter:232616	
0.0023664077743888	
iter:232617	
0.0051841088570654	
iter:232618	
0.002946461783722	
iter:232619	
0.002314830198884	
iter:232620	
0.0036539537832141	
iter:232621	
0.0054560876451433	
iter:232622	
0.0073091280646622	
iter:232623	
0.0037573068402708	
iter:232624	
0.0058706728741527	
iter:232625	
0.0047061289660633	
iter:232626	
0.0055673788301647	
iter:232627	
0.004221161827445	
iter:232628	
0.0058322786353528	
iter:232629	
0.0044605173170567	
iter:232630	
0.0034547050017864	
iter:232631	
0.0040262844413519	
iter:232632	
0.0056180716492236	
iter:232633	
0.0031412909738719	
iter:232634	
0.002712564310059	
iter:232635	
0.0025052309501916	
iter:232636	
0.0052664768882096	
iter:232637	
0.0049862754531205	
iter:232638	
0.0044131693430245	
iter:232639	
0.00347372260876	
iter:232640	
0.0034193422179669	
iter:232641	
0.0044711963273585	
iter:232642	
0.0067386571317911	
iter:232643	
0.0062433104030788	
iter:232644	
0.0044350186362863	
iter:232645	
0.0033186429645866	
iter:232646	
0.0037853985559195	
iter:232647	
0.0042636524885893	
iter:232648	
0.0057774046435952	
iter:232649	
0.0036228890530765	
iter:232650	
0.003096726955846	
iter:232651	
0.0035762961488217	
iter:232652	
0.0035447042901069	
iter:232653	
0.0036857330705971	
iter:232654	
0.005602115765214	
iter:232655	
0.0019933851435781	
iter:232656	
0.0034917232114822	
iter:232657	
0.0033137234859169	
iter:232658	
0.0038051211740822	
iter:232659	
0.0057070860639215	
iter:232660	
0.0047323945909739	
iter:232661	
0.0042294352315366	
iter:232662	
0.0051967594772577	
iter:232663	
0.0033596290741116	
iter:232664	
0.0039456658996642	
iter:232665	
0.0032171595375985	
iter:232666	
0.0029534955974668	
iter:232667	
0.0030307068955153	
iter:232668	
0.0043779779225588	
iter:232669	
0.0031055163126439	
iter:232670	
0.004536441527307	
iter:232671	
0.0032782240305096	
iter:232672	
0.0043381876312196	
iter:232673	
0.0069165099412203	
iter:232674	
0.0038884638343006	
iter:232675	
0.0028644176200032	
iter:232676	
0.0037472019903362	
iter:232677	
0.011873301118612	
iter:232678	
0.005614098161459	
iter:232679	
0.0018984479829669	
iter:232680	
0.0043921177275479	
iter:232681	
0.0057510761544108	
iter:232682	
0.0028373321983963	
iter:232683	
0.0025458415038884	
iter:232684	
0.0058374591171741	
iter:232685	
0.0035149261821061	
iter:232686	
0.0041188974864781	
iter:232687	
0.0070348661392927	
iter:232688	
0.0037930237594992	
iter:232689	
0.0060273627750576	
iter:232690	
0.0047175940126181	
iter:232691	
0.002732269000262	
iter:232692	
0.0034981698263437	
iter:232693	
0.0065507227554917	
iter:232694	
0.0083112511783838	
iter:232695	
0.0062421332113445	
iter:232696	
0.0043042353354394	
iter:232697	
0.0032984118442982	
iter:232698	
0.0053628450259566	
iter:232699	
0.0037940288893878	
iter:232700	
0.0043649417348206	
iter:232701	
0.0063782180659473	
iter:232702	
0.0039740419015288	
iter:232703	
0.0025992216542363	
iter:232704	
0.0034291858319193	
iter:232705	
0.0048523745499551	
iter:232706	
0.0028552061412483	
iter:232707	
0.0061155850999057	
iter:232708	
0.0054408321157098	
iter:232709	
0.0060062352567911	
iter:232710	
0.002716630930081	
iter:232711	
0.0053484868258238	
iter:232712	
0.0073888450860977	
iter:232713	
0.0029100102838129	
iter:232714	
0.0047813383862376	
iter:232715	
0.010146243497729	
iter:232716	
0.0030177549924701	
iter:232717	
0.0042235446162522	
iter:232718	
0.003113363403827	
iter:232719	
0.004561276640743	
iter:232720	
0.003235325217247	
iter:232721	
0.0071579399518669	
iter:232722	
0.0061986506916583	
iter:232723	
0.0045071323402226	
iter:232724	
0.0019360727164894	
iter:232725	
0.0042274887673557	
iter:232726	
0.003749497467652	
iter:232727	
0.0016036378219724	
iter:232728	
0.00299301603809	
iter:232729	
0.0053953337483108	
iter:232730	
0.0032708982471377	
iter:232731	
0.0026805351953954	
iter:232732	
0.0039299814961851	
iter:232733	
0.0026085062418133	
iter:232734	
0.0037258204538375	
iter:232735	
0.0023529103491455	
iter:232736	
0.0064127380028367	
iter:232737	
0.0039066118188202	
iter:232738	
0.0056606163270772	
iter:232739	
0.0032691990491003	
iter:232740	
0.0055343918502331	
iter:232741	
0.0054414053447545	
iter:232742	
0.0037862374447286	
iter:232743	
0.0048636756837368	
iter:232744	
0.0036011128686368	
iter:232745	
0.0047054844908416	
iter:232746	
0.0038128069136292	
iter:232747	
0.0035422171931714	
iter:232748	
0.0040251384489238	
iter:232749	
0.0031109789852053	
iter:232750	
0.0037659173831344	
iter:232751	
0.0045837410725653	
iter:232752	
0.002856123726815	
iter:232753	
0.0023079640232027	
iter:232754	
0.0034628848079592	
iter:232755	
0.0016668500611559	
iter:232756	
0.002924830885604	
iter:232757	
0.0033771200105548	
iter:232758	
0.0061231851577759	
iter:232759	
0.0045483708381653	
iter:232760	
0.0040011680684984	
iter:232761	
0.0033822092227638	
iter:232762	
0.0041212541982532	
iter:232763	
0.0032273319084197	
iter:232764	
0.0041347583755851	
iter:232765	
0.0059171817265451	
iter:232766	
0.003204365959391	
iter:232767	
0.005133505910635	
iter:232768	
0.0036844904534519	
iter:232769	
0.0063894805498421	
iter:232770	
0.0051693925634027	
iter:232771	
0.0066161961294711	
iter:232772	
0.0056600263342261	
iter:232773	
0.0041357320733368	
iter:232774	
0.0034448087681085	
iter:232775	
0.0058505712077022	
iter:232776	
0.0044637969695032	
iter:232777	
0.002331196796149	
iter:232778	
0.0035604217555374	
iter:232779	
0.0026969835162163	
iter:232780	
0.0055446056649089	
iter:232781	
0.0047833970747888	
iter:232782	
0.003610854735598	
iter:232783	
0.004192269872874	
iter:232784	
0.0036645112559199	
iter:232785	
0.0032881305087358	
iter:232786	
0.0050562513060868	
iter:232787	
0.0046273088082671	
iter:232788	
0.0043404740281403	
iter:232789	
0.0065783420577645	
iter:232790	
0.0044860197231174	
iter:232791	
0.0043929098173976	
iter:232792	
0.0034066347870976	
iter:232793	
0.0037750918418169	
iter:232794	
0.0083229336887598	
iter:232795	
0.0057454043999314	
iter:232796	
0.0046622944064438	
iter:232797	
0.0059808162041008	
iter:232798	
0.0027170598041266	
iter:232799	
0.0040608015842736	
iter:232800	
0.005447078961879	
iter:232801	
0.0041640466079116	
iter:232802	
0.0038989165332168	
iter:232803	
0.0021561114117503	
iter:232804	
0.0034167156554759	
iter:232805	
0.0047861686907709	
iter:232806	
0.003788543632254	
iter:232807	
0.0034902249462903	
iter:232808	
0.0069601377472281	
iter:232809	
0.004263190086931	
iter:232810	
0.0017116679809988	
iter:232811	
0.0043978057801723	
iter:232812	
0.0059866239316761	
iter:232813	
0.0035329854581505	
iter:232814	
0.0070599187165499	
iter:232815	
0.0035295162815601	
iter:232816	
0.0050879311747849	
iter:232817	
0.0052765868604183	
iter:232818	
0.0057219457812607	
iter:232819	
0.0022558888886124	
iter:232820	
0.0034708571620286	
iter:232821	
0.004054066259414	
iter:232822	
0.0038293567486107	
iter:232823	
0.0038579599931836	
iter:232824	
0.0032920183148235	
iter:232825	
0.0021924076136202	
iter:232826	
0.0049327309243381	
iter:232827	
0.0038667472545058	
iter:232828	
0.0031620757654309	
iter:232829	
0.0022668649908155	
iter:232830	
0.002793206833303	
iter:232831	
0.0031604354735464	
iter:232832	
0.0027384257409722	
iter:232833	
0.00463832821697	
iter:232834	
0.0049034883268178	
iter:232835	
0.0040548900142312	
iter:232836	
0.005900255870074	
iter:232837	
0.0035223928280175	
iter:232838	
0.0032284681219608	
iter:232839	
0.0036724850069731	
iter:232840	
0.0037472699768841	
iter:232841	
0.0034492746926844	
iter:232842	
0.0049217874184251	
iter:232843	
0.0023747538216412	
iter:232844	
0.0024488142225891	
iter:232845	
0.0048672389239073	
iter:232846	
0.0026015196926892	
iter:232847	
0.0046624480746686	
iter:232848	
0.006945816334337	
iter:232849	
0.0054754307493567	
iter:232850	
0.0019785368349403	
iter:232851	
0.0098846293985844	
iter:232852	
0.0073805605061352	
iter:232853	
0.0057844133116305	
iter:232854	
0.003990650177002	
iter:232855	
0.0048072719946504	
iter:232856	
0.010183963924646	
iter:232857	
0.005123205948621	
iter:232858	
0.0039083156734705	
iter:232859	
0.0046177706681192	
iter:232860	
0.0042026676237583	
iter:232861	
0.0049779405817389	
iter:232862	
0.0045996285043657	
iter:232863	
0.0034015404526144	
iter:232864	
0.0038256996776909	
iter:232865	
0.0069958902895451	
iter:232866	
0.0035614133812487	
iter:232867	
0.0025738785043359	
iter:232868	
0.0065231649205089	
iter:232869	
0.0070629036054015	
iter:232870	
0.005390087608248	
iter:232871	
0.0045038871467113	
iter:232872	
0.0051133316010237	
iter:232873	
0.00294049247168	
iter:232874	
0.0057603814639151	
iter:232875	
0.0073908623307943	
iter:232876	
0.0050193672068417	
iter:232877	
0.0058764610439539	
iter:232878	
0.0030985176563263	
iter:232879	
0.0020749690011144	
iter:232880	
0.0048551135696471	
iter:232881	
0.0043552727438509	
iter:232882	
0.0052927187643945	
iter:232883	
0.0031637069769204	
iter:232884	
0.003352522617206	
iter:232885	
0.0052510402165353	
iter:232886	
0.005258749704808	
iter:232887	
0.0037637532223016	
iter:232888	
0.0042242142371833	
iter:232889	
0.0037357499822974	
iter:232890	
0.0046679289080203	
iter:232891	
0.0030491095967591	
iter:232892	
0.0040809684433043	
iter:232893	
0.0056529114954174	
iter:232894	
0.0046575558371842	
iter:232895	
0.0016368546057492	
iter:232896	
0.0044017578475177	
iter:232897	
0.0070938412100077	
iter:232898	
0.0037719008978456	
iter:232899	
0.0055426293984056	
iter:232900	
0.0032772941049188	
iter:232901	
0.0044442336075008	
iter:232902	
0.0044091278687119	
iter:232903	
0.0052471607923508	
iter:232904	
0.0050550978630781	
iter:232905	
0.0042919632978737	
iter:232906	
0.0030482676811516	
iter:232907	
0.0039631305262446	
iter:232908	
0.0042530647478998	
iter:232909	
0.0069050607271492	
iter:232910	
0.0031288550235331	
iter:232911	
0.0035581360571086	
iter:232912	
0.0035391345154494	
iter:232913	
0.0030579019803554	
iter:232914	
0.0027810265310109	
iter:232915	
0.0030542507302016	
iter:232916	
0.0054401136003435	
iter:232917	
0.0041190437041223	
iter:232918	
0.0062313578091562	
iter:232919	
0.0045114159584045	
iter:232920	
0.0052048992365599	
iter:232921	
0.0020702888723463	
iter:232922	
0.0034237320069224	
iter:232923	
0.0053268601186574	
iter:232924	
0.0045376517809927	
iter:232925	
0.0055540530011058	
iter:232926	
0.0047630262561142	
iter:232927	
0.0027696895413101	
iter:232928	
0.0036609531380236	
iter:232929	
0.001586640602909	
iter:232930	
0.0042179776355624	
